<?xml version="1.0" encoding="UTF-8"?>
<testsuite xmlns:xsi="http://www.w3.org/2001/XMLSchema-instance" xsi:noNamespaceSchemaLocation="https://maven.apache.org/surefire/maven-surefire-plugin/xsd/surefire-test-report-3.0.xsd" version="3.0" name="cl.duoc.app.recetas_backend.RecetasBackendApplicationTests" time="5.588" tests="1" errors="0" skipped="0" failures="0">
  <properties>
[...]
</properties>
  <testcase name="contextLoads" classname="cl.duoc.app.recetas_backend.RecetasBackendApplicationTests" time="0.009">
    <system-out><![CDATA[06:24:35.569 [main] INFO org.springframework.test.context.support.AnnotationConfigContextLoaderUtils -- Could not detect default configuration classes for test class [cl.duoc.app.recetas_backend.RecetasBackendApplicationTests]: RecetasBackendApplicationTests does not declare any static, non-private, non-final, nested classes annotated with @Configuration.
06:24:35.801 [main] INFO org.springframework.boot.test.context.SpringBootTestContextBootstrapper -- Found @SpringBootConfiguration cl.duoc.app.recetas_backend.RecetasBackendApplication for test class cl.duoc.app.recetas_backend.RecetasBackendApplicationTests

  .   ____          _            __ _ _
 /\\ / ___'_ __ _ _(_)_ __  __ _ \ \ \ \
( ( )\___ | '_ | '_| | '_ \/ _` | \ \ \ \
 \\/  ___)| |_)| | | | | || (_| |  ) ) ) )
  '  |____| .__|_| |_|_| |_\__, | / / / /
 =========|_|==============|___/=/_/_/_/

 :: Spring Boot ::                (v3.3.5)

2024-12-06T06:24:36.716-03:00  INFO 7152 --- [recetas-backend] [           main] c.d.a.r.RecetasBackendApplicationTests   : Starting RecetasBackendApplicationTests using Java 17.0.13 with PID 7152 (started by alvar in F:\Dev\Duoc\Seguridad y calidad\recetas-backend)
2024-12-06T06:24:36.718-03:00 DEBUG 7152 --- [recetas-backend] [           main] c.d.a.r.RecetasBackendApplicationTests   : Running with Spring Boot v3.3.5, Spring v6.1.14
2024-12-06T06:24:36.719-03:00  INFO 7152 --- [recetas-backend] [           main] c.d.a.r.RecetasBackendApplicationTests   : No active profile set, falling back to 1 default profile: "default"
2024-12-06T06:24:36.720-03:00 DEBUG 7152 --- [recetas-backend] [           main] o.s.boot.SpringApplication               : Loading source class cl.duoc.app.recetas_backend.RecetasBackendApplication
2024-12-06T06:24:36.793-03:00 DEBUG 7152 --- [recetas-backend] [           main] o.s.w.c.s.GenericWebApplicationContext   : Refreshing org.springframework.web.context.support.GenericWebApplicationContext@20556566
2024-12-06T06:24:36.841-03:00 DEBUG 7152 --- [recetas-backend] [           main] o.s.b.f.s.DefaultListableBeanFactory     : Creating shared instance of singleton bean 'org.springframework.context.annotation.internalConfigurationAnnotationProcessor'
2024-12-06T06:24:36.873-03:00 DEBUG 7152 --- [recetas-backend] [           main] o.s.b.f.s.DefaultListableBeanFactory     : Creating shared instance of singleton bean 'org.springframework.boot.autoconfigure.internalCachingMetadataReaderFactory'
2024-12-06T06:24:36.955-03:00 DEBUG 7152 --- [recetas-backend] [           main] o.s.c.a.ClassPathBeanDefinitionScanner   : Identified candidate component class: file [F:\Dev\Duoc\Seguridad y calidad\recetas-backend\target\classes\cl\duoc\app\recetas_backend\config\SecurityConfig.class]
2024-12-06T06:24:36.970-03:00 DEBUG 7152 --- [recetas-backend] [           main] o.s.c.a.ClassPathBeanDefinitionScanner   : Identified candidate component class: file [F:\Dev\Duoc\Seguridad y calidad\recetas-backend\target\classes\cl\duoc\app\recetas_backend\controller\BannerController.class]
2024-12-06T06:24:36.973-03:00 DEBUG 7152 --- [recetas-backend] [           main] o.s.c.a.ClassPathBeanDefinitionScanner   : Identified candidate component class: file [F:\Dev\Duoc\Seguridad y calidad\recetas-backend\target\classes\cl\duoc\app\recetas_backend\controller\ComentarioController.class]
2024-12-06T06:24:36.973-03:00 DEBUG 7152 --- [recetas-backend] [           main] o.s.c.a.ClassPathBeanDefinitionScanner   : Identified candidate component class: file [F:\Dev\Duoc\Seguridad y calidad\recetas-backend\target\classes\cl\duoc\app\recetas_backend\controller\RecetaController.class]
2024-12-06T06:24:36.974-03:00 DEBUG 7152 --- [recetas-backend] [           main] o.s.c.a.ClassPathBeanDefinitionScanner   : Identified candidate component class: file [F:\Dev\Duoc\Seguridad y calidad\recetas-backend\target\classes\cl\duoc\app\recetas_backend\controller\UsuarioController.class]
2024-12-06T06:24:36.975-03:00 DEBUG 7152 --- [recetas-backend] [           main] o.s.c.a.ClassPathBeanDefinitionScanner   : Identified candidate component class: file [F:\Dev\Duoc\Seguridad y calidad\recetas-backend\target\classes\cl\duoc\app\recetas_backend\controller\ValoracionController.class]
2024-12-06T06:24:36.980-03:00 DEBUG 7152 --- [recetas-backend] [           main] o.s.c.a.ClassPathBeanDefinitionScanner   : Ignored because not a concrete top-level class: file [F:\Dev\Duoc\Seguridad y calidad\recetas-backend\target\classes\cl\duoc\app\recetas_backend\repository\BannerRepository.class]
2024-12-06T06:24:36.987-03:00 DEBUG 7152 --- [recetas-backend] [           main] o.s.c.a.ClassPathBeanDefinitionScanner   : Ignored because not a concrete top-level class: file [F:\Dev\Duoc\Seguridad y calidad\recetas-backend\target\classes\cl\duoc\app\recetas_backend\repository\ComentarioRepository.class]
2024-12-06T06:24:36.988-03:00 DEBUG 7152 --- [recetas-backend] [           main] o.s.c.a.ClassPathBeanDefinitionScanner   : Ignored because not a concrete top-level class: file [F:\Dev\Duoc\Seguridad y calidad\recetas-backend\target\classes\cl\duoc\app\recetas_backend\repository\RecetaRepository.class]
2024-12-06T06:24:36.988-03:00 DEBUG 7152 --- [recetas-backend] [           main] o.s.c.a.ClassPathBeanDefinitionScanner   : Ignored because not a concrete top-level class: file [F:\Dev\Duoc\Seguridad y calidad\recetas-backend\target\classes\cl\duoc\app\recetas_backend\repository\UsuarioRepository.class]
2024-12-06T06:24:36.988-03:00 DEBUG 7152 --- [recetas-backend] [           main] o.s.c.a.ClassPathBeanDefinitionScanner   : Ignored because not a concrete top-level class: file [F:\Dev\Duoc\Seguridad y calidad\recetas-backend\target\classes\cl\duoc\app\recetas_backend\repository\ValoracionRepository.class]
2024-12-06T06:24:36.990-03:00 DEBUG 7152 --- [recetas-backend] [           main] o.s.c.a.ClassPathBeanDefinitionScanner   : Identified candidate component class: file [F:\Dev\Duoc\Seguridad y calidad\recetas-backend\target\classes\cl\duoc\app\recetas_backend\service\BannerServiceImpl.class]
2024-12-06T06:24:36.991-03:00 DEBUG 7152 --- [recetas-backend] [           main] o.s.c.a.ClassPathBeanDefinitionScanner   : Identified candidate component class: file [F:\Dev\Duoc\Seguridad y calidad\recetas-backend\target\classes\cl\duoc\app\recetas_backend\service\ComentarioServiceImpl.class]
2024-12-06T06:24:36.991-03:00 DEBUG 7152 --- [recetas-backend] [           main] o.s.c.a.ClassPathBeanDefinitionScanner   : Identified candidate component class: file [F:\Dev\Duoc\Seguridad y calidad\recetas-backend\target\classes\cl\duoc\app\recetas_backend\service\CustomUserDetailsService.class]
2024-12-06T06:24:36.991-03:00 DEBUG 7152 --- [recetas-backend] [           main] o.s.c.a.ClassPathBeanDefinitionScanner   : Identified candidate component class: file [F:\Dev\Duoc\Seguridad y calidad\recetas-backend\target\classes\cl\duoc\app\recetas_backend\service\RecetaServiceImpl.class]
2024-12-06T06:24:36.992-03:00 DEBUG 7152 --- [recetas-backend] [           main] o.s.c.a.ClassPathBeanDefinitionScanner   : Identified candidate component class: file [F:\Dev\Duoc\Seguridad y calidad\recetas-backend\target\classes\cl\duoc\app\recetas_backend\service\UsuarioServiceImpl.class]
2024-12-06T06:24:36.992-03:00 DEBUG 7152 --- [recetas-backend] [           main] o.s.c.a.ClassPathBeanDefinitionScanner   : Identified candidate component class: file [F:\Dev\Duoc\Seguridad y calidad\recetas-backend\target\classes\cl\duoc\app\recetas_backend\service\ValoracionServiceImpl.class]
2024-12-06T06:24:36.992-03:00 DEBUG 7152 --- [recetas-backend] [           main] o.s.c.a.ClassPathBeanDefinitionScanner   : Identified candidate component class: file [F:\Dev\Duoc\Seguridad y calidad\recetas-backend\target\classes\cl\duoc\app\recetas_backend\util\JwtRequestFilter.class]
2024-12-06T06:24:36.992-03:00 DEBUG 7152 --- [recetas-backend] [           main] o.s.c.a.ClassPathBeanDefinitionScanner   : Identified candidate component class: file [F:\Dev\Duoc\Seguridad y calidad\recetas-backend\target\classes\cl\duoc\app\recetas_backend\util\JwtUtil.class]
2024-12-06T06:24:37.596-03:00  INFO 7152 --- [recetas-backend] [           main] .s.d.r.c.RepositoryConfigurationDelegate : Bootstrapping Spring Data JPA repositories in DEFAULT mode.
2024-12-06T06:24:37.610-03:00 DEBUG 7152 --- [recetas-backend] [           main] o.s.b.f.s.DefaultListableBeanFactory     : Creating shared instance of singleton bean 'org.springframework.boot.autoconfigure.AutoConfigurationPackages'
2024-12-06T06:24:37.620-03:00 DEBUG 7152 --- [recetas-backend] [           main] o.s.b.a.AutoConfigurationPackages        : @EnableAutoConfiguration was declared on a class in the package 'cl.duoc.app.recetas_backend'. Automatic @Repository and @Entity scanning is enabled.
2024-12-06T06:24:37.622-03:00 DEBUG 7152 --- [recetas-backend] [           main] .s.d.r.c.RepositoryConfigurationDelegate : Scanning for JPA repositories in packages cl.duoc.app.recetas_backend.
2024-12-06T06:24:37.638-03:00 DEBUG 7152 --- [recetas-backend] [           main] o.s.d.r.c.RepositoryComponentProvider    : Identified candidate component class: file [F:\Dev\Duoc\Seguridad y calidad\recetas-backend\target\classes\cl\duoc\app\recetas_backend\repository\BannerRepository.class]
2024-12-06T06:24:37.638-03:00 DEBUG 7152 --- [recetas-backend] [           main] o.s.d.r.c.RepositoryComponentProvider    : Identified candidate component class: file [F:\Dev\Duoc\Seguridad y calidad\recetas-backend\target\classes\cl\duoc\app\recetas_backend\repository\ComentarioRepository.class]
2024-12-06T06:24:37.638-03:00 DEBUG 7152 --- [recetas-backend] [           main] o.s.d.r.c.RepositoryComponentProvider    : Identified candidate component class: file [F:\Dev\Duoc\Seguridad y calidad\recetas-backend\target\classes\cl\duoc\app\recetas_backend\repository\RecetaRepository.class]
2024-12-06T06:24:37.638-03:00 DEBUG 7152 --- [recetas-backend] [           main] o.s.d.r.c.RepositoryComponentProvider    : Identified candidate component class: file [F:\Dev\Duoc\Seguridad y calidad\recetas-backend\target\classes\cl\duoc\app\recetas_backend\repository\UsuarioRepository.class]
2024-12-06T06:24:37.638-03:00 DEBUG 7152 --- [recetas-backend] [           main] o.s.d.r.c.RepositoryComponentProvider    : Identified candidate component class: file [F:\Dev\Duoc\Seguridad y calidad\recetas-backend\target\classes\cl\duoc\app\recetas_backend\repository\ValoracionRepository.class]
2024-12-06T06:24:37.685-03:00 DEBUG 7152 --- [recetas-backend] [           main] ssPathScanningCandidateComponentProvider : Identified candidate component class: file [F:\Dev\Duoc\Seguridad y calidad\recetas-backend\target\classes\cl\duoc\app\recetas_backend\service\BannerServiceImpl.class]
2024-12-06T06:24:37.686-03:00 DEBUG 7152 --- [recetas-backend] [           main] ssPathScanningCandidateComponentProvider : Identified candidate component class: file [F:\Dev\Duoc\Seguridad y calidad\recetas-backend\target\classes\cl\duoc\app\recetas_backend\service\ComentarioServiceImpl.class]
2024-12-06T06:24:37.686-03:00 DEBUG 7152 --- [recetas-backend] [           main] ssPathScanningCandidateComponentProvider : Identified candidate component class: file [F:\Dev\Duoc\Seguridad y calidad\recetas-backend\target\classes\cl\duoc\app\recetas_backend\service\RecetaServiceImpl.class]
2024-12-06T06:24:37.686-03:00 DEBUG 7152 --- [recetas-backend] [           main] ssPathScanningCandidateComponentProvider : Identified candidate component class: file [F:\Dev\Duoc\Seguridad y calidad\recetas-backend\target\classes\cl\duoc\app\recetas_backend\service\UsuarioServiceImpl.class]
2024-12-06T06:24:37.686-03:00 DEBUG 7152 --- [recetas-backend] [           main] ssPathScanningCandidateComponentProvider : Identified candidate component class: file [F:\Dev\Duoc\Seguridad y calidad\recetas-backend\target\classes\cl\duoc\app\recetas_backend\service\ValoracionServiceImpl.class]
2024-12-06T06:24:37.710-03:00  INFO 7152 --- [recetas-backend] [           main] .s.d.r.c.RepositoryConfigurationDelegate : Finished Spring Data repository scanning in 84 ms. Found 5 JPA repository interfaces.
2024-12-06T06:24:37.796-03:00 DEBUG 7152 --- [recetas-backend] [           main] o.s.b.f.s.DefaultListableBeanFactory     : Creating shared instance of singleton bean 'springSecurityHandlerMappingIntrospectorBeanDefinitionRegistryPostProcessor'
2024-12-06T06:24:37.894-03:00 DEBUG 7152 --- [recetas-backend] [           main] o.s.b.f.s.DefaultListableBeanFactory     : Creating shared instance of singleton bean 'propertySourcesPlaceholderConfigurer'
2024-12-06T06:24:37.897-03:00 DEBUG 7152 --- [recetas-backend] [           main] o.s.b.f.s.DefaultListableBeanFactory     : Creating shared instance of singleton bean 'org.springframework.boot.test.mock.mockito.MockitoPostProcessor'
2024-12-06T06:24:37.898-03:00 DEBUG 7152 --- [recetas-backend] [           main] o.s.b.f.s.DefaultListableBeanFactory     : Creating shared instance of singleton bean 'emBeanDefinitionRegistrarPostProcessor'
2024-12-06T06:24:37.898-03:00 DEBUG 7152 --- [recetas-backend] [           main] o.s.b.f.s.DefaultListableBeanFactory     : Creating shared instance of singleton bean 'org.springframework.boot.sql.init.dependency.DatabaseInitializationDependencyConfigurer$DependsOnDatabaseInitializationPostProcessor'
2024-12-06T06:24:37.935-03:00 DEBUG 7152 --- [recetas-backend] [           main] o.s.b.f.s.DefaultListableBeanFactory     : Creating shared instance of singleton bean 'org.springframework.context.event.internalEventListenerProcessor'
2024-12-06T06:24:37.936-03:00 DEBUG 7152 --- [recetas-backend] [           main] o.s.b.f.s.DefaultListableBeanFactory     : Creating shared instance of singleton bean 'conversionServicePostProcessor'
2024-12-06T06:24:37.941-03:00 DEBUG 7152 --- [recetas-backend] [           main] o.s.b.f.s.DefaultListableBeanFactory     : Creating shared instance of singleton bean 'preserveErrorControllerTargetClassPostProcessor'
2024-12-06T06:24:37.941-03:00 DEBUG 7152 --- [recetas-backend] [           main] o.s.b.f.s.DefaultListableBeanFactory     : Creating shared instance of singleton bean 'org.springframework.context.event.internalEventListenerFactory'
2024-12-06T06:24:37.941-03:00 DEBUG 7152 --- [recetas-backend] [           main] o.s.b.f.s.DefaultListableBeanFactory     : Creating shared instance of singleton bean 'org.springframework.transaction.config.internalTransactionalEventListenerFactory'
2024-12-06T06:24:37.944-03:00 DEBUG 7152 --- [recetas-backend] [           main] o.s.b.f.s.DefaultListableBeanFactory     : Creating shared instance of singleton bean 'org.springframework.boot.test.mock.mockito.MockitoPostProcessor$SpyPostProcessor'
2024-12-06T06:24:37.944-03:00 DEBUG 7152 --- [recetas-backend] [           main] o.s.b.f.s.DefaultListableBeanFactory     : Creating shared instance of singleton bean 'org.springframework.context.annotation.internalAutowiredAnnotationProcessor'
2024-12-06T06:24:37.945-03:00 DEBUG 7152 --- [recetas-backend] [           main] o.s.b.f.s.DefaultListableBeanFactory     : Creating shared instance of singleton bean 'org.springframework.context.annotation.internalCommonAnnotationProcessor'
2024-12-06T06:24:37.948-03:00 DEBUG 7152 --- [recetas-backend] [           main] o.s.b.f.s.DefaultListableBeanFactory     : Creating shared instance of singleton bean 'org.springframework.context.annotation.internalPersistenceAnnotationProcessor'
2024-12-06T06:24:37.948-03:00 DEBUG 7152 --- [recetas-backend] [           main] o.s.b.f.s.DefaultListableBeanFactory     : Creating shared instance of singleton bean 'org.springframework.boot.context.properties.ConfigurationPropertiesBindingPostProcessor'
2024-12-06T06:24:37.948-03:00 DEBUG 7152 --- [recetas-backend] [           main] o.s.b.f.s.DefaultListableBeanFactory     : Creating shared instance of singleton bean 'org.springframework.boot.context.internalConfigurationPropertiesBinder'
2024-12-06T06:24:37.950-03:00 DEBUG 7152 --- [recetas-backend] [           main] o.s.b.f.s.DefaultListableBeanFactory     : Creating shared instance of singleton bean 'jdbcConnectionDetailsHikariBeanPostProcessor'
2024-12-06T06:24:37.952-03:00 DEBUG 7152 --- [recetas-backend] [           main] o.s.b.f.s.DefaultListableBeanFactory     : Creating shared instance of singleton bean 'org.springframework.aop.config.internalAutoProxyCreator'
2024-12-06T06:24:37.966-03:00 DEBUG 7152 --- [recetas-backend] [           main] o.s.b.f.s.DefaultListableBeanFactory     : Creating shared instance of singleton bean 'persistenceExceptionTranslationPostProcessor'
2024-12-06T06:24:37.976-03:00 DEBUG 7152 --- [recetas-backend] [           main] o.s.b.f.s.DefaultListableBeanFactory     : Autowiring by type from bean name 'persistenceExceptionTranslationPostProcessor' via factory method to bean named 'environment'
2024-12-06T06:24:37.979-03:00 DEBUG 7152 --- [recetas-backend] [           main] o.s.b.f.s.DefaultListableBeanFactory     : Creating shared instance of singleton bean 'webServerFactoryCustomizerBeanPostProcessor'
2024-12-06T06:24:37.980-03:00 DEBUG 7152 --- [recetas-backend] [           main] o.s.b.f.s.DefaultListableBeanFactory     : Creating shared instance of singleton bean 'errorPageRegistrarBeanPostProcessor'
2024-12-06T06:24:37.980-03:00 DEBUG 7152 --- [recetas-backend] [           main] o.s.b.f.s.DefaultListableBeanFactory     : Creating shared instance of singleton bean 'projectingArgumentResolverBeanPostProcessor'
2024-12-06T06:24:37.981-03:00 DEBUG 7152 --- [recetas-backend] [           main] o.s.b.f.s.DefaultListableBeanFactory     : Creating shared instance of singleton bean 'org.springframework.transaction.config.internalTransactionAdvisor'
2024-12-06T06:24:37.981-03:00 DEBUG 7152 --- [recetas-backend] [           main] o.s.b.f.s.DefaultListableBeanFactory     : Creating shared instance of singleton bean 'org.springframework.transaction.annotation.ProxyTransactionManagementConfiguration'
2024-12-06T06:24:37.988-03:00 DEBUG 7152 --- [recetas-backend] [           main] o.s.b.f.s.DefaultListableBeanFactory     : Creating shared instance of singleton bean 'transactionAttributeSource'
2024-12-06T06:24:37.989-03:00 DEBUG 7152 --- [recetas-backend] [           main] o.s.b.f.s.DefaultListableBeanFactory     : Creating shared instance of singleton bean 'transactionInterceptor'
2024-12-06T06:24:37.989-03:00 DEBUG 7152 --- [recetas-backend] [           main] o.s.b.f.s.DefaultListableBeanFactory     : Autowiring by type from bean name 'transactionInterceptor' via factory method to bean named 'transactionAttributeSource'
2024-12-06T06:24:37.994-03:00 DEBUG 7152 --- [recetas-backend] [           main] o.s.b.f.s.DefaultListableBeanFactory     : Autowiring by type from bean name 'org.springframework.transaction.config.internalTransactionAdvisor' via factory method to bean named 'transactionAttributeSource'
2024-12-06T06:24:37.994-03:00 DEBUG 7152 --- [recetas-backend] [           main] o.s.b.f.s.DefaultListableBeanFactory     : Autowiring by type from bean name 'org.springframework.transaction.config.internalTransactionAdvisor' via factory method to bean named 'transactionInterceptor'
2024-12-06T06:24:38.014-03:00 DEBUG 7152 --- [recetas-backend] [           main] o.s.u.c.s.UiApplicationContextUtils      : Unable to locate ThemeSource with name 'themeSource': using default [org.springframework.ui.context.support.ResourceBundleThemeSource@727d937a]
2024-12-06T06:24:38.014-03:00 DEBUG 7152 --- [recetas-backend] [           main] o.s.b.f.s.DefaultListableBeanFactory     : Creating shared instance of singleton bean 'dataSourceScriptDatabaseInitializer'
2024-12-06T06:24:38.014-03:00 DEBUG 7152 --- [recetas-backend] [           main] o.s.b.f.s.DefaultListableBeanFactory     : Creating shared instance of singleton bean 'org.springframework.boot.autoconfigure.sql.init.DataSourceInitializationConfiguration'
2024-12-06T06:24:38.016-03:00 DEBUG 7152 --- [recetas-backend] [           main] o.s.b.f.s.DefaultListableBeanFactory     : Creating shared instance of singleton bean 'dataSource'
2024-12-06T06:24:38.016-03:00 DEBUG 7152 --- [recetas-backend] [           main] o.s.b.f.s.DefaultListableBeanFactory     : Creating shared instance of singleton bean 'org.springframework.boot.autoconfigure.jdbc.DataSourceConfiguration$Hikari'
2024-12-06T06:24:38.016-03:00 DEBUG 7152 --- [recetas-backend] [           main] o.s.b.f.s.DefaultListableBeanFactory     : Creating shared instance of singleton bean 'spring.datasource-org.springframework.boot.autoconfigure.jdbc.DataSourceProperties'
2024-12-06T06:24:38.018-03:00 DEBUG 7152 --- [recetas-backend] [           main] o.s.b.f.s.DefaultListableBeanFactory     : Creating shared instance of singleton bean 'org.springframework.boot.context.properties.BoundConfigurationProperties'
2024-12-06T06:24:38.034-03:00 DEBUG 7152 --- [recetas-backend] [           main] o.s.b.f.s.DefaultListableBeanFactory     : Creating shared instance of singleton bean 'jdbcConnectionDetails'
2024-12-06T06:24:38.034-03:00 DEBUG 7152 --- [recetas-backend] [           main] o.s.b.f.s.DefaultListableBeanFactory     : Creating shared instance of singleton bean 'org.springframework.boot.autoconfigure.jdbc.DataSourceAutoConfiguration$PooledDataSourceConfiguration'
2024-12-06T06:24:38.034-03:00 DEBUG 7152 --- [recetas-backend] [           main] o.s.b.f.s.DefaultListableBeanFactory     : Autowiring by type from bean name 'jdbcConnectionDetails' via factory method to bean named 'spring.datasource-org.springframework.boot.autoconfigure.jdbc.DataSourceProperties'
2024-12-06T06:24:38.035-03:00 DEBUG 7152 --- [recetas-backend] [           main] o.s.b.f.s.DefaultListableBeanFactory     : Autowiring by type from bean name 'dataSource' via factory method to bean named 'spring.datasource-org.springframework.boot.autoconfigure.jdbc.DataSourceProperties'
2024-12-06T06:24:38.035-03:00 DEBUG 7152 --- [recetas-backend] [           main] o.s.b.f.s.DefaultListableBeanFactory     : Autowiring by type from bean name 'dataSource' via factory method to bean named 'jdbcConnectionDetails'
2024-12-06T06:24:38.048-03:00 DEBUG 7152 --- [recetas-backend] [           main] o.s.b.f.s.DefaultListableBeanFactory     : Creating shared instance of singleton bean 'spring.sql.init-org.springframework.boot.autoconfigure.sql.init.SqlInitializationProperties'
2024-12-06T06:24:38.057-03:00 DEBUG 7152 --- [recetas-backend] [           main] o.s.b.f.s.DefaultListableBeanFactory     : Autowiring by type from bean name 'dataSourceScriptDatabaseInitializer' via factory method to bean named 'dataSource'
2024-12-06T06:24:38.057-03:00 DEBUG 7152 --- [recetas-backend] [           main] o.s.b.f.s.DefaultListableBeanFactory     : Autowiring by type from bean name 'dataSourceScriptDatabaseInitializer' via factory method to bean named 'spring.sql.init-org.springframework.boot.autoconfigure.sql.init.SqlInitializationProperties'
2024-12-06T06:24:38.075-03:00 DEBUG 7152 --- [recetas-backend] [           main] o.s.jdbc.datasource.DataSourceUtils      : Fetching JDBC Connection from DataSource
2024-12-06T06:24:38.076-03:00  INFO 7152 --- [recetas-backend] [           main] com.zaxxer.hikari.HikariDataSource       : HikariPool-1 - Starting...
2024-12-06T06:24:38.290-03:00  INFO 7152 --- [recetas-backend] [           main] com.zaxxer.hikari.pool.HikariPool        : HikariPool-1 - Added connection conn0: url=jdbc:h2:mem:testdb user=SA
2024-12-06T06:24:38.291-03:00  INFO 7152 --- [recetas-backend] [           main] com.zaxxer.hikari.HikariDataSource       : HikariPool-1 - Start completed.
2024-12-06T06:24:38.294-03:00 DEBUG 7152 --- [recetas-backend] [           main] o.s.jdbc.datasource.init.ScriptUtils     : Executing SQL script from class path resource [schema.sql]
2024-12-06T06:24:38.306-03:00 DEBUG 7152 --- [recetas-backend] [           main] o.s.jdbc.datasource.init.ScriptUtils     : 0 returned as update count for SQL: CREATE TABLE IF NOT EXISTS receta ( id BIGINT AUTO_INCREMENT PRIMARY KEY, nombre VARCHAR(255) NOT NULL, tipo_cocina VARCHAR(255), ingredientes VARCHAR(2000), pais_origen VARCHAR(255), dificultad VARCHAR(255), popularidad INT, instrucciones_preparacion VARCHAR(5000), tiempo_coccion INT, porciones INT, fotografia_url VARCHAR(255), video VARCHAR(255), fecha_creacion TIMESTAMP DEFAULT CURRENT_TIMESTAMP, id_usuario BIGINT NOT NULL )
2024-12-06T06:24:38.308-03:00 DEBUG 7152 --- [recetas-backend] [           main] o.s.jdbc.datasource.init.ScriptUtils     : 0 returned as update count for SQL: CREATE TABLE usuario ( id BIGINT AUTO_INCREMENT PRIMARY KEY, nombre_usuario VARCHAR(255) UNIQUE NOT NULL, nombre_completo VARCHAR(255) NOT NULL, email VARCHAR(255) UNIQUE NOT NULL, contrasena VARCHAR(255) NOT NULL, rol BOOLEAN DEFAULT FALSE )
2024-12-06T06:24:38.318-03:00 DEBUG 7152 --- [recetas-backend] [           main] o.s.jdbc.datasource.init.ScriptUtils     : 0 returned as update count for SQL: ALTER TABLE receta ADD CONSTRAINT fk_receta_usuario FOREIGN KEY (id_usuario) REFERENCES usuario (id)
2024-12-06T06:24:38.319-03:00 DEBUG 7152 --- [recetas-backend] [           main] o.s.jdbc.datasource.init.ScriptUtils     : 0 returned as update count for SQL: CREATE UNIQUE INDEX usuario_nombre_usuario_uindex ON usuario (nombre_usuario)
2024-12-06T06:24:38.320-03:00 DEBUG 7152 --- [recetas-backend] [           main] o.s.jdbc.datasource.init.ScriptUtils     : 0 returned as update count for SQL: CREATE UNIQUE INDEX usuario_email_uindex ON usuario (email)
2024-12-06T06:24:38.320-03:00 DEBUG 7152 --- [recetas-backend] [           main] o.s.jdbc.datasource.init.ScriptUtils     : 0 returned as update count for SQL: CREATE TABLE IF NOT EXISTS banner ( id BIGINT AUTO_INCREMENT PRIMARY KEY, empresa_nombre VARCHAR(255) NOT NULL, mensaje VARCHAR(1000) NOT NULL, url_imagen VARCHAR(255), link_website VARCHAR(255), fecha_creacion TIMESTAMP DEFAULT CURRENT_TIMESTAMP )
2024-12-06T06:24:38.324-03:00 DEBUG 7152 --- [recetas-backend] [           main] o.s.jdbc.datasource.init.ScriptUtils     : 0 returned as update count for SQL: CREATE TABLE comentarios ( id BIGINT PRIMARY KEY AUTO_INCREMENT, receta_id BIGINT NOT NULL, usuario_id BIGINT NOT NULL, contenido VARCHAR(500) NOT NULL, fecha_creacion DATETIME NOT NULL, visible BOOLEAN NOT NULL DEFAULT false, CONSTRAINT fk_comentarios_receta FOREIGN KEY (receta_id) REFERENCES receta(id), CONSTRAINT fk_comentarios_usuario FOREIGN KEY (usuario_id) REFERENCES usuario(id) )
2024-12-06T06:24:38.326-03:00 DEBUG 7152 --- [recetas-backend] [           main] o.s.jdbc.datasource.init.ScriptUtils     : 0 returned as update count for SQL: CREATE TABLE valoraciones ( id BIGINT PRIMARY KEY AUTO_INCREMENT, receta_id BIGINT NOT NULL, usuario_id BIGINT NOT NULL, puntaje INT NOT NULL, CONSTRAINT fk_valoraciones_receta FOREIGN KEY (receta_id) REFERENCES receta(id), CONSTRAINT fk_valoraciones_usuario FOREIGN KEY (usuario_id) REFERENCES usuario(id) )
2024-12-06T06:24:38.328-03:00 DEBUG 7152 --- [recetas-backend] [           main] o.s.jdbc.datasource.init.ScriptUtils     : Executed SQL script from class path resource [schema.sql] in 32 ms.
2024-12-06T06:24:38.330-03:00 DEBUG 7152 --- [recetas-backend] [           main] o.s.jdbc.datasource.DataSourceUtils      : Fetching JDBC Connection from DataSource
2024-12-06T06:24:38.330-03:00 DEBUG 7152 --- [recetas-backend] [           main] o.s.jdbc.datasource.init.ScriptUtils     : Executing SQL script from class path resource [data.sql]
2024-12-06T06:24:38.341-03:00 DEBUG 7152 --- [recetas-backend] [           main] o.s.jdbc.datasource.init.ScriptUtils     : 1 returned as update count for SQL: INSERT INTO usuario (nombre_usuario, nombre_completo, email, contrasena, rol) VALUES ('alvaro', 'Ã?lvaro Vega', 'alvaro.vegap@duocuc.cl', '1234', 1)
2024-12-06T06:24:38.342-03:00 DEBUG 7152 --- [recetas-backend] [           main] o.s.jdbc.datasource.init.ScriptUtils     : 1 returned as update count for SQL: INSERT INTO usuario (nombre_usuario, nombre_completo, email, contrasena, rol) VALUES ('maria', 'Maria GÃ³mez', 'maria@example.com', '1234', 0)
2024-12-06T06:24:38.343-03:00 DEBUG 7152 --- [recetas-backend] [           main] o.s.jdbc.datasource.init.ScriptUtils     : 1 returned as update count for SQL: INSERT INTO usuario (nombre_usuario, nombre_completo, email, contrasena, rol) VALUES ('juan', 'Juan LÃ³pez', 'juan@example.com', 'password', 1)
2024-12-06T06:24:38.344-03:00 DEBUG 7152 --- [recetas-backend] [           main] o.s.jdbc.datasource.init.ScriptUtils     : 1 returned as update count for SQL: INSERT INTO receta (nombre, tipo_cocina, ingredientes, pais_origen, dificultad, popularidad, instrucciones_preparacion, tiempo_coccion, porciones, fotografia_url, fecha_creacion, id_usuario) VALUES ('Asado Argentino', 'Parrilla', 'Carne de res, sal gruesa, chimichurri', 'Argentina', 'Medio', 95, 'Preparar la parrilla y asar la carne a fuego lento', 120, 4, '/images/asado_argentino.jpg', '2024-11-01 12:00:00', 1)
2024-12-06T06:24:38.344-03:00 DEBUG 7152 --- [recetas-backend] [           main] o.s.jdbc.datasource.init.ScriptUtils     : 1 returned as update count for SQL: INSERT INTO receta (nombre, tipo_cocina, ingredientes, pais_origen, dificultad, popularidad, instrucciones_preparacion, tiempo_coccion, porciones, fotografia_url, fecha_creacion, id_usuario) VALUES ('Empanadas de Carne', 'Horno', 'Carne molida, cebolla, huevo duro, aceitunas, especias', 'Argentina', 'FÃ¡cil', 80, 'Preparar el relleno y hornear las empanadas', 60, 4, '/images/empanadas_argentinas.jpg', '2024-11-01 12:30:00', 1)
2024-12-06T06:24:38.345-03:00 DEBUG 7152 --- [recetas-backend] [           main] o.s.jdbc.datasource.init.ScriptUtils     : 1 returned as update count for SQL: INSERT INTO receta (nombre, tipo_cocina, ingredientes, pais_origen, dificultad, popularidad, instrucciones_preparacion, tiempo_coccion, porciones, fotografia_url, fecha_creacion, id_usuario) VALUES ('Milanesa a la Napolitana', 'Frito', 'Milanesa de carne, jamÃ³n, queso, tomate, orÃ©gano', 'Argentina', 'Medio', 75, 'FreÃ­r la milanesa y aÃ±adir los ingredientes', 30, 2, '/images/milanesa_napolitana.jpg', '2024-11-01 13:00:00', 1)
2024-12-06T06:24:38.345-03:00 DEBUG 7152 --- [recetas-backend] [           main] o.s.jdbc.datasource.init.ScriptUtils     : 1 returned as update count for SQL: INSERT INTO receta (nombre, tipo_cocina, ingredientes, pais_origen, dificultad, popularidad, instrucciones_preparacion, tiempo_coccion, porciones, fotografia_url, fecha_creacion, id_usuario) VALUES ('Chivito Uruguayo', 'SÃ¡ndwich', 'Pan, lomo de ternera, jamÃ³n, queso, tomate, lechuga, huevo, mayonesa', 'Uruguay', 'FÃ¡cil', 90, 'Armar el sÃ¡ndwich con los ingredientes listos', 20, 1, '/images/chivito_uruguayo.jpg', '2024-11-01 14:00:00', 1)
2024-12-06T06:24:38.346-03:00 DEBUG 7152 --- [recetas-backend] [           main] o.s.jdbc.datasource.init.ScriptUtils     : 1 returned as update count for SQL: INSERT INTO receta (nombre, tipo_cocina, ingredientes, pais_origen, dificultad, popularidad, instrucciones_preparacion, tiempo_coccion, porciones, fotografia_url, fecha_creacion, id_usuario) VALUES ('Asado con Cuero', 'Parrilla', 'Carne con cuero, sal gruesa', 'Uruguay', 'DifÃ­cil', 85, 'Cocinar la carne con cuero a fuego lento durante varias horas', 240, 8, '/images/asado_con_cuero.jpg', '2024-11-01 15:00:00', 1)
2024-12-06T06:24:38.346-03:00 DEBUG 7152 --- [recetas-backend] [           main] o.s.jdbc.datasource.init.ScriptUtils     : 1 returned as update count for SQL: INSERT INTO receta (nombre, tipo_cocina, ingredientes, pais_origen, dificultad, popularidad, instrucciones_preparacion, tiempo_coccion, porciones, fotografia_url, fecha_creacion, id_usuario) VALUES ('Pancho', 'RÃ¡pido', 'Pan de hot dog, salchicha, salsas (ketchup, mayonesa, mostaza), papas fritas', 'Uruguay', 'FÃ¡cil', 60, 'Cocinar la salchicha y armar el pancho', 10, 1, '/images/pancho_uruguayo.jpg', '2024-11-01 16:00:00', 1)
2024-12-06T06:24:38.347-03:00 DEBUG 7152 --- [recetas-backend] [           main] o.s.jdbc.datasource.init.ScriptUtils     : 1 returned as update count for SQL: INSERT INTO receta (nombre, tipo_cocina, ingredientes, pais_origen, dificultad, popularidad, instrucciones_preparacion, tiempo_coccion, porciones, fotografia_url, fecha_creacion, id_usuario) VALUES ('Feijoada', 'Guiso', 'Frijoles negros, carne de cerdo, chorizo, arroz, naranjas', 'Brasil', 'DifÃ­cil', 100, 'Cocinar los frijoles y la carne lentamente en una olla', 180, 6, '/images/feijoada.jpg', '2024-11-01 17:00:00', 1)
2024-12-06T06:24:38.347-03:00 DEBUG 7152 --- [recetas-backend] [           main] o.s.jdbc.datasource.init.ScriptUtils     : 1 returned as update count for SQL: INSERT INTO receta (nombre, tipo_cocina, ingredientes, pais_origen, dificultad, popularidad, instrucciones_preparacion, tiempo_coccion, porciones, fotografia_url, fecha_creacion, id_usuario) VALUES ('Moqueca de Camarones', 'Estofado', 'Camarones, leche de coco, cebolla, pimientos, tomate, cilantro', 'Brasil', 'Medio', 85, 'Cocinar los camarones con leche de coco y vegetales', 45, 4, '/images/moqueca_camarones.jpg', '2024-11-01 18:00:00', 1)
2024-12-06T06:24:38.348-03:00 DEBUG 7152 --- [recetas-backend] [           main] o.s.jdbc.datasource.init.ScriptUtils     : 1 returned as update count for SQL: INSERT INTO receta (nombre, tipo_cocina, ingredientes, pais_origen, dificultad, popularidad, instrucciones_preparacion, tiempo_coccion, porciones, fotografia_url, fecha_creacion, id_usuario) VALUES ('Brigadeiros', 'Postre', 'Leche condensada, chocolate en polvo, mantequilla, chispas de chocolate', 'Brasil', 'FÃ¡cil', 70, 'Cocinar la mezcla y hacer bolitas, luego decorar', 20, 15, '/images/brigadeiros.jpg', '2024-11-01 19:00:00', 1)
2024-12-06T06:24:38.348-03:00 DEBUG 7152 --- [recetas-backend] [           main] o.s.jdbc.datasource.init.ScriptUtils     : 1 returned as update count for SQL: INSERT INTO receta (nombre, tipo_cocina, ingredientes, pais_origen, dificultad, popularidad, instrucciones_preparacion, tiempo_coccion, porciones, fotografia_url, fecha_creacion, id_usuario) VALUES ('Pastel de Choclo', 'Horno', 'Choclo, carne molida, cebolla, huevo duro, aceitunas, pasas', 'Chile', 'Medio', 90, 'Preparar la mezcla y hornear en cazuelas', 90, 4, '/images/pastel_choclo.jpg', '2024-11-01 20:00:00', 1)
2024-12-06T06:24:38.348-03:00 DEBUG 7152 --- [recetas-backend] [           main] o.s.jdbc.datasource.init.ScriptUtils     : 1 returned as update count for SQL: INSERT INTO receta (nombre, tipo_cocina, ingredientes, pais_origen, dificultad, popularidad, instrucciones_preparacion, tiempo_coccion, porciones, fotografia_url, fecha_creacion, id_usuario) VALUES ('Cazuela', 'Guiso', 'Pollo o carne de res, papa, choclo, zapallo, fideos, cilantro', 'Chile', 'FÃ¡cil', 80, 'Hervir los ingredientes en una olla', 60, 4, '/images/cazuela.jpg', '2024-11-01 21:00:00', 1)
2024-12-06T06:24:38.350-03:00 DEBUG 7152 --- [recetas-backend] [           main] o.s.jdbc.datasource.init.ScriptUtils     : 1 returned as update count for SQL: INSERT INTO receta (nombre, tipo_cocina, ingredientes, pais_origen, dificultad, popularidad, instrucciones_preparacion, tiempo_coccion, porciones, fotografia_url, fecha_creacion, id_usuario) VALUES ('Completo Italiano', 'RÃ¡pido', 'Pan de hot dog, salchicha, tomate, palta, mayonesa', 'Chile', 'FÃ¡cil', 75, 'Armar el completo con los ingredientes', 10, 1, '/images/completo_italiano.jpg', '2024-11-01 22:00:00', 1)
2024-12-06T06:24:38.351-03:00 DEBUG 7152 --- [recetas-backend] [           main] o.s.jdbc.datasource.init.ScriptUtils     : 1 returned as update count for SQL: INSERT INTO receta (nombre, tipo_cocina, ingredientes, pais_origen, dificultad, popularidad, instrucciones_preparacion, tiempo_coccion, porciones, fotografia_url, fecha_creacion, id_usuario) VALUES ('Sopa Paraguaya', 'Horno', 'MaÃ­z, queso, cebolla, leche, huevos', 'Paraguay', 'Medio', 80, 'Mezclar ingredientes y hornear hasta dorar', 60, 8, '/images/sopa_paraguaya.jpg', '2024-11-01 23:00:00', 1)
2024-12-06T06:24:38.352-03:00 DEBUG 7152 --- [recetas-backend] [           main] o.s.jdbc.datasource.init.ScriptUtils     : 1 returned as update count for SQL: INSERT INTO receta (nombre, tipo_cocina, ingredientes, pais_origen, dificultad, popularidad, instrucciones_preparacion, tiempo_coccion, porciones, fotografia_url, fecha_creacion, id_usuario) VALUES ('Chipa', 'Horno', 'Harina de maÃ­z, queso, huevos, leche, manteca', 'Paraguay', 'Medio', 70, 'Amasar y hornear hasta que estÃ©n doradas', 45, 6, '/images/chipa.jpg', '2024-11-02 00:00:00', 1)
2024-12-06T06:24:38.352-03:00 DEBUG 7152 --- [recetas-backend] [           main] o.s.jdbc.datasource.init.ScriptUtils     : 1 returned as update count for SQL: INSERT INTO receta (nombre, tipo_cocina, ingredientes, pais_origen, dificultad, popularidad, instrucciones_preparacion, tiempo_coccion, porciones, fotografia_url, fecha_creacion, id_usuario) VALUES ('Mbeju', 'SartÃ©n', 'AlmidÃ³n de mandioca, queso, manteca, leche', 'Paraguay', 'FÃ¡cil', 65, 'Cocinar en sartÃ©n hasta dorar', 30, 4, '/images/mbeju.jpg', '2024-11-02 01:00:00', 1)
2024-12-06T06:24:38.353-03:00 DEBUG 7152 --- [recetas-backend] [           main] o.s.jdbc.datasource.init.ScriptUtils     : 3 returned as update count for SQL: INSERT INTO banner (empresa_nombre, mensaje, url_imagen, link_website, fecha_creacion) VALUES ('TechCorp', 'Aprovecha nuestras Ãºltimas ofertas en tecnologÃ­a', '/images/techcorp.jpg', 'https://www.techcorp.com', '2024-11-01 10:00:00'), ('EcoGreen', 'Cuidamos el planeta con nuestros productos ecoamigables', '/images/ecogreen.jpg', 'https://www.ecogreen.com', '2024-11-01 11:00:00'), ('AutoPlus', 'Encuentra el auto de tus sueÃ±os al mejor precio', '/images/autoplus.jpg', 'https://www.autoplus.com', '2024-11-01 12:00:00')
2024-12-06T06:24:38.353-03:00 DEBUG 7152 --- [recetas-backend] [           main] o.s.jdbc.datasource.init.ScriptUtils     : 1 returned as update count for SQL: INSERT INTO comentarios (receta_id, usuario_id, contenido, fecha_creacion, visible) VALUES (1, 1, 'Â¡Excelente receta! Muy fÃ¡cil de seguir y deliciosa.', '2024-11-18 10:30:00', true)
2024-12-06T06:24:38.354-03:00 DEBUG 7152 --- [recetas-backend] [           main] o.s.jdbc.datasource.init.ScriptUtils     : 1 returned as update count for SQL: INSERT INTO comentarios (receta_id, usuario_id, contenido, fecha_creacion, visible) VALUES (2, 3, 'Me encantÃ³, aunque agreguÃ© un poco mÃ¡s de especias.', '2024-11-18 11:45:00', true)
2024-12-06T06:24:38.355-03:00 DEBUG 7152 --- [recetas-backend] [           main] o.s.jdbc.datasource.init.ScriptUtils     : 1 returned as update count for SQL: INSERT INTO comentarios (receta_id, usuario_id, contenido, fecha_creacion, visible) VALUES (1, 2, 'No tuve los mismos resultados, pero puede ser error mÃ­o.', '2024-11-18 12:15:00', true)
2024-12-06T06:24:38.355-03:00 DEBUG 7152 --- [recetas-backend] [           main] o.s.jdbc.datasource.init.ScriptUtils     : 1 returned as update count for SQL: INSERT INTO valoraciones (receta_id, usuario_id, puntaje) VALUES (1, 1, 5)
2024-12-06T06:24:38.356-03:00 DEBUG 7152 --- [recetas-backend] [           main] o.s.jdbc.datasource.init.ScriptUtils     : 1 returned as update count for SQL: INSERT INTO valoraciones (receta_id, usuario_id, puntaje) VALUES (2, 3, 4)
2024-12-06T06:24:38.356-03:00 DEBUG 7152 --- [recetas-backend] [           main] o.s.jdbc.datasource.init.ScriptUtils     : 1 returned as update count for SQL: INSERT INTO valoraciones (receta_id, usuario_id, puntaje) VALUES (3, 2, 3)
2024-12-06T06:24:38.356-03:00 DEBUG 7152 --- [recetas-backend] [           main] o.s.jdbc.datasource.init.ScriptUtils     : Executed SQL script from class path resource [data.sql] in 26 ms.
2024-12-06T06:24:38.357-03:00 DEBUG 7152 --- [recetas-backend] [           main] o.s.b.f.s.DefaultListableBeanFactory     : Creating shared instance of singleton bean 'entityManagerFactory'
2024-12-06T06:24:38.358-03:00 DEBUG 7152 --- [recetas-backend] [           main] o.s.b.f.s.DefaultListableBeanFactory     : Creating shared instance of singleton bean 'org.springframework.boot.autoconfigure.orm.jpa.HibernateJpaConfiguration'
2024-12-06T06:24:38.358-03:00 DEBUG 7152 --- [recetas-backend] [           main] o.s.b.f.s.DefaultListableBeanFactory     : Creating shared instance of singleton bean 'spring.jpa-org.springframework.boot.autoconfigure.orm.jpa.JpaProperties'
2024-12-06T06:24:38.364-03:00 DEBUG 7152 --- [recetas-backend] [           main] o.s.b.f.s.DefaultListableBeanFactory     : Creating shared instance of singleton bean 'spring.jpa.hibernate-org.springframework.boot.autoconfigure.orm.jpa.HibernateProperties'
2024-12-06T06:24:38.365-03:00 DEBUG 7152 --- [recetas-backend] [           main] o.s.b.f.s.DefaultListableBeanFactory     : Autowiring by type from bean name 'org.springframework.boot.autoconfigure.orm.jpa.HibernateJpaConfiguration' via constructor to bean named 'dataSource'
2024-12-06T06:24:38.365-03:00 DEBUG 7152 --- [recetas-backend] [           main] o.s.b.f.s.DefaultListableBeanFactory     : Autowiring by type from bean name 'org.springframework.boot.autoconfigure.orm.jpa.HibernateJpaConfiguration' via constructor to bean named 'spring.jpa-org.springframework.boot.autoconfigure.orm.jpa.JpaProperties'
2024-12-06T06:24:38.365-03:00 DEBUG 7152 --- [recetas-backend] [           main] o.s.b.f.s.DefaultListableBeanFactory     : Autowiring by type from bean name 'org.springframework.boot.autoconfigure.orm.jpa.HibernateJpaConfiguration' via constructor to bean named 'org.springframework.beans.factory.support.DefaultListableBeanFactory@34ea86ff'
2024-12-06T06:24:38.365-03:00 DEBUG 7152 --- [recetas-backend] [           main] o.s.b.f.s.DefaultListableBeanFactory     : Autowiring by type from bean name 'org.springframework.boot.autoconfigure.orm.jpa.HibernateJpaConfiguration' via constructor to bean named 'spring.jpa.hibernate-org.springframework.boot.autoconfigure.orm.jpa.HibernateProperties'
2024-12-06T06:24:38.367-03:00 DEBUG 7152 --- [recetas-backend] [           main] o.s.b.f.s.DefaultListableBeanFactory     : Creating shared instance of singleton bean 'hikariPoolDataSourceMetadataProvider'
2024-12-06T06:24:38.367-03:00 DEBUG 7152 --- [recetas-backend] [           main] o.s.b.f.s.DefaultListableBeanFactory     : Creating shared instance of singleton bean 'org.springframework.boot.autoconfigure.jdbc.metadata.DataSourcePoolMetadataProvidersConfiguration$HikariPoolDataSourceMetadataProviderConfiguration'
2024-12-06T06:24:38.373-03:00 DEBUG 7152 --- [recetas-backend] [           main] o.s.b.f.s.DefaultListableBeanFactory     : Creating shared instance of singleton bean 'entityManagerFactoryBuilder'
2024-12-06T06:24:38.373-03:00 DEBUG 7152 --- [recetas-backend] [           main] o.s.b.f.s.DefaultListableBeanFactory     : Creating shared instance of singleton bean 'jpaVendorAdapter'
2024-12-06T06:24:38.398-03:00 DEBUG 7152 --- [recetas-backend] [           main] o.s.b.f.s.DefaultListableBeanFactory     : Autowiring by type from bean name 'entityManagerFactoryBuilder' via factory method to bean named 'jpaVendorAdapter'
2024-12-06T06:24:38.401-03:00 DEBUG 7152 --- [recetas-backend] [           main] o.s.b.f.s.DefaultListableBeanFactory     : Creating shared instance of singleton bean 'persistenceManagedTypes'
2024-12-06T06:24:38.402-03:00 DEBUG 7152 --- [recetas-backend] [           main] o.s.b.f.s.DefaultListableBeanFactory     : Autowiring by type from bean name 'persistenceManagedTypes' via factory method to bean named 'org.springframework.beans.factory.support.DefaultListableBeanFactory@34ea86ff'
2024-12-06T06:24:38.402-03:00 DEBUG 7152 --- [recetas-backend] [           main] o.s.b.f.s.DefaultListableBeanFactory     : Autowiring by type from bean name 'persistenceManagedTypes' via factory method to bean named 'org.springframework.web.context.support.GenericWebApplicationContext@20556566'
2024-12-06T06:24:38.414-03:00 DEBUG 7152 --- [recetas-backend] [           main] o.s.b.f.s.DefaultListableBeanFactory     : Autowiring by type from bean name 'entityManagerFactory' via factory method to bean named 'entityManagerFactoryBuilder'
2024-12-06T06:24:38.414-03:00 DEBUG 7152 --- [recetas-backend] [           main] o.s.b.f.s.DefaultListableBeanFactory     : Autowiring by type from bean name 'entityManagerFactory' via factory method to bean named 'persistenceManagedTypes'
2024-12-06T06:24:38.441-03:00 DEBUG 7152 --- [recetas-backend] [           main] j.LocalContainerEntityManagerFactoryBean : Building JPA container EntityManagerFactory for persistence unit 'default'
2024-12-06T06:24:38.466-03:00  INFO 7152 --- [recetas-backend] [           main] o.hibernate.jpa.internal.util.LogHelper  : HHH000204: Processing PersistenceUnitInfo [name: default]
2024-12-06T06:24:38.526-03:00  INFO 7152 --- [recetas-backend] [           main] org.hibernate.Version                    : HHH000412: Hibernate ORM core version 6.5.3.Final
2024-12-06T06:24:38.556-03:00  INFO 7152 --- [recetas-backend] [           main] o.h.c.internal.RegionFactoryInitiator    : HHH000026: Second-level cache disabled
2024-12-06T06:24:38.698-03:00  INFO 7152 --- [recetas-backend] [           main] o.s.o.j.p.SpringPersistenceUnitInfo      : No LoadTimeWeaver setup: ignoring JPA class transformer
2024-12-06T06:24:39.418-03:00  INFO 7152 --- [recetas-backend] [           main] o.h.e.t.j.p.i.JtaPlatformInitiator       : HHH000489: No JTA platform available (set 'hibernate.transaction.jta.platform' to enable JTA platform integration)
Hibernate: 
    alter table if exists banner 
       alter column mensaje set data type varchar(255)
Hibernate: 
    alter table if exists comentarios 
       alter column contenido set data type varchar(255)
2024-12-06T06:24:39.471-03:00  INFO 7152 --- [recetas-backend] [           main] j.LocalContainerEntityManagerFactoryBean : Initialized JPA EntityManagerFactory for persistence unit 'default'
2024-12-06T06:24:39.474-03:00 DEBUG 7152 --- [recetas-backend] [           main] o.s.b.f.s.DefaultListableBeanFactory     : Creating shared instance of singleton bean 'recetasBackendApplication'
2024-12-06T06:24:39.474-03:00 DEBUG 7152 --- [recetas-backend] [           main] o.s.b.f.s.DefaultListableBeanFactory     : Creating shared instance of singleton bean 'securityConfig'
2024-12-06T06:24:39.475-03:00 DEBUG 7152 --- [recetas-backend] [           main] o.s.b.f.s.DefaultListableBeanFactory     : Creating shared instance of singleton bean 'jwtRequestFilter'
2024-12-06T06:24:39.478-03:00 DEBUG 7152 --- [recetas-backend] [           main] o.s.b.f.s.DefaultListableBeanFactory     : Creating shared instance of singleton bean 'jwtUtil'
2024-12-06T06:24:39.481-03:00 DEBUG 7152 --- [recetas-backend] [           main] o.s.b.f.s.DefaultListableBeanFactory     : Creating shared instance of singleton bean 'customUserDetailsService'
2024-12-06T06:24:39.482-03:00 DEBUG 7152 --- [recetas-backend] [           main] o.s.b.f.s.DefaultListableBeanFactory     : Creating shared instance of singleton bean 'usuarioRepository'
2024-12-06T06:24:39.488-03:00 DEBUG 7152 --- [recetas-backend] [           main] o.s.b.f.s.DefaultListableBeanFactory     : Creating shared instance of singleton bean 'jpa.named-queries#1'
2024-12-06T06:24:39.490-03:00 DEBUG 7152 --- [recetas-backend] [           main] o.s.b.f.s.DefaultListableBeanFactory     : Creating shared instance of singleton bean 'jpa.UsuarioRepository.fragments#0'
2024-12-06T06:24:39.493-03:00 DEBUG 7152 --- [recetas-backend] [           main] o.s.b.f.s.DefaultListableBeanFactory     : Creating shared instance of singleton bean 'jpaSharedEM_entityManagerFactory'
2024-12-06T06:24:39.515-03:00 DEBUG 7152 --- [recetas-backend] [           main] o.s.b.f.s.DefaultListableBeanFactory     : Creating shared instance of singleton bean 'jpaMappingContext'
2024-12-06T06:24:39.515-03:00 DEBUG 7152 --- [recetas-backend] [           main] .c.JpaMetamodelMappingContextFactoryBean : Initializing JpaMetamodelMappingContext…
2024-12-06T06:24:39.528-03:00 DEBUG 7152 --- [recetas-backend] [           main] .c.JpaMetamodelMappingContextFactoryBean : Finished initializing JpaMetamodelMappingContext
2024-12-06T06:24:39.551-03:00 DEBUG 7152 --- [recetas-backend] [           main] tor$SharedEntityManagerInvocationHandler : Creating new EntityManager for shared EntityManager invocation
2024-12-06T06:24:39.577-03:00 DEBUG 7152 --- [recetas-backend] [           main] tor$SharedEntityManagerInvocationHandler : Creating new EntityManager for shared EntityManager invocation
2024-12-06T06:24:39.618-03:00 DEBUG 7152 --- [recetas-backend] [           main] o.s.d.r.c.s.RepositoryFactorySupport     : Initializing repository instance for cl.duoc.app.recetas_backend.repository.UsuarioRepository…
2024-12-06T06:24:39.630-03:00 DEBUG 7152 --- [recetas-backend] [           main] tor$SharedEntityManagerInvocationHandler : Creating new EntityManager for shared EntityManager invocation
2024-12-06T06:24:39.663-03:00 DEBUG 7152 --- [recetas-backend] [           main] o.s.d.jpa.repository.query.NamedQuery    : Looking up named query Usuario.findByNombreUsuario
2024-12-06T06:24:39.665-03:00 DEBUG 7152 --- [recetas-backend] [           main] o.s.d.jpa.repository.query.NamedQuery    : Did not find named query Usuario.findByNombreUsuario
2024-12-06T06:24:39.668-03:00 DEBUG 7152 --- [recetas-backend] [           main] tor$SharedEntityManagerInvocationHandler : Creating new EntityManager for shared EntityManager invocation
2024-12-06T06:24:39.711-03:00  INFO 7152 --- [recetas-backend] [           main] o.s.d.j.r.query.QueryEnhancerFactory     : Hibernate is in classpath; If applicable, HQL parser will be used.
2024-12-06T06:24:39.846-03:00 DEBUG 7152 --- [recetas-backend] [           main] o.s.d.jpa.repository.query.NamedQuery    : Did not find named query Usuario.login.count
2024-12-06T06:24:39.846-03:00 DEBUG 7152 --- [recetas-backend] [           main] tor$SharedEntityManagerInvocationHandler : Creating new EntityManager for shared EntityManager invocation
2024-12-06T06:24:40.040-03:00 DEBUG 7152 --- [recetas-backend] [           main] o.s.d.r.c.s.RepositoryFactorySupport     : Finished creation of repository instance for cl.duoc.app.recetas_backend.repository.UsuarioRepository.
2024-12-06T06:24:40.043-03:00 DEBUG 7152 --- [recetas-backend] [           main] o.s.b.f.s.DefaultListableBeanFactory     : Autowiring by type from bean name 'customUserDetailsService' via constructor to bean named 'usuarioRepository'
2024-12-06T06:24:40.044-03:00 DEBUG 7152 --- [recetas-backend] [           main] o.s.b.f.s.DefaultListableBeanFactory     : Autowiring by type from bean name 'securityConfig' via constructor to bean named 'jwtRequestFilter'
2024-12-06T06:24:40.044-03:00 DEBUG 7152 --- [recetas-backend] [           main] o.s.b.f.s.DefaultListableBeanFactory     : Autowiring by type from bean name 'securityConfig' via constructor to bean named 'customUserDetailsService'
2024-12-06T06:24:40.044-03:00 DEBUG 7152 --- [recetas-backend] [           main] o.s.b.f.s.DefaultListableBeanFactory     : Creating shared instance of singleton bean 'bannerController'
2024-12-06T06:24:40.045-03:00 DEBUG 7152 --- [recetas-backend] [           main] o.s.b.f.s.DefaultListableBeanFactory     : Creating shared instance of singleton bean 'bannerServiceImpl'
2024-12-06T06:24:40.046-03:00 DEBUG 7152 --- [recetas-backend] [           main] o.s.b.f.s.DefaultListableBeanFactory     : Creating shared instance of singleton bean 'bannerRepository'
2024-12-06T06:24:40.047-03:00 DEBUG 7152 --- [recetas-backend] [           main] o.s.b.f.s.DefaultListableBeanFactory     : Creating shared instance of singleton bean 'jpa.named-queries#0'
2024-12-06T06:24:40.047-03:00 DEBUG 7152 --- [recetas-backend] [           main] o.s.b.f.s.DefaultListableBeanFactory     : Creating shared instance of singleton bean 'jpa.BannerRepository.fragments#0'
2024-12-06T06:24:40.048-03:00 DEBUG 7152 --- [recetas-backend] [           main] tor$SharedEntityManagerInvocationHandler : Creating new EntityManager for shared EntityManager invocation
2024-12-06T06:24:40.050-03:00 DEBUG 7152 --- [recetas-backend] [           main] o.s.d.r.c.s.RepositoryFactorySupport     : Initializing repository instance for cl.duoc.app.recetas_backend.repository.BannerRepository…
2024-12-06T06:24:40.050-03:00 DEBUG 7152 --- [recetas-backend] [           main] tor$SharedEntityManagerInvocationHandler : Creating new EntityManager for shared EntityManager invocation
2024-12-06T06:24:40.053-03:00 DEBUG 7152 --- [recetas-backend] [           main] o.s.d.r.c.s.RepositoryFactorySupport     : Finished creation of repository instance for cl.duoc.app.recetas_backend.repository.BannerRepository.
2024-12-06T06:24:40.054-03:00 DEBUG 7152 --- [recetas-backend] [           main] o.s.b.f.s.DefaultListableBeanFactory     : Autowiring by type from bean name 'bannerController' via constructor to bean named 'bannerServiceImpl'
2024-12-06T06:24:40.054-03:00 DEBUG 7152 --- [recetas-backend] [           main] o.s.b.f.s.DefaultListableBeanFactory     : Creating shared instance of singleton bean 'comentarioController'
2024-12-06T06:24:40.056-03:00 DEBUG 7152 --- [recetas-backend] [           main] o.s.b.f.s.DefaultListableBeanFactory     : Creating shared instance of singleton bean 'comentarioServiceImpl'
2024-12-06T06:24:40.057-03:00 DEBUG 7152 --- [recetas-backend] [           main] o.s.b.f.s.DefaultListableBeanFactory     : Creating shared instance of singleton bean 'comentarioRepository'
2024-12-06T06:24:40.058-03:00 DEBUG 7152 --- [recetas-backend] [           main] o.s.b.f.s.DefaultListableBeanFactory     : Creating shared instance of singleton bean 'jpa.named-queries#4'
2024-12-06T06:24:40.058-03:00 DEBUG 7152 --- [recetas-backend] [           main] o.s.b.f.s.DefaultListableBeanFactory     : Creating shared instance of singleton bean 'jpa.ComentarioRepository.fragments#0'
2024-12-06T06:24:40.058-03:00 DEBUG 7152 --- [recetas-backend] [           main] tor$SharedEntityManagerInvocationHandler : Creating new EntityManager for shared EntityManager invocation
2024-12-06T06:24:40.060-03:00 DEBUG 7152 --- [recetas-backend] [           main] o.s.d.r.c.s.RepositoryFactorySupport     : Initializing repository instance for cl.duoc.app.recetas_backend.repository.ComentarioRepository…
2024-12-06T06:24:40.061-03:00 DEBUG 7152 --- [recetas-backend] [           main] tor$SharedEntityManagerInvocationHandler : Creating new EntityManager for shared EntityManager invocation
2024-12-06T06:24:40.064-03:00 DEBUG 7152 --- [recetas-backend] [           main] o.s.d.jpa.repository.query.NamedQuery    : Looking up named query Comentario.findByIdRecetaAndVisible
2024-12-06T06:24:40.064-03:00 DEBUG 7152 --- [recetas-backend] [           main] o.s.d.jpa.repository.query.NamedQuery    : Did not find named query Comentario.findByIdRecetaAndVisible
2024-12-06T06:24:40.065-03:00 DEBUG 7152 --- [recetas-backend] [           main] tor$SharedEntityManagerInvocationHandler : Creating new EntityManager for shared EntityManager invocation
2024-12-06T06:24:40.076-03:00 DEBUG 7152 --- [recetas-backend] [           main] o.s.d.jpa.repository.query.NamedQuery    : Did not find named query Comentario.actualizarVisibilidad.count
2024-12-06T06:24:40.076-03:00 DEBUG 7152 --- [recetas-backend] [           main] tor$SharedEntityManagerInvocationHandler : Creating new EntityManager for shared EntityManager invocation
2024-12-06T06:24:40.103-03:00 DEBUG 7152 --- [recetas-backend] [           main] o.s.d.r.c.s.RepositoryFactorySupport     : Finished creation of repository instance for cl.duoc.app.recetas_backend.repository.ComentarioRepository.
2024-12-06T06:24:40.104-03:00 DEBUG 7152 --- [recetas-backend] [           main] o.s.b.f.s.DefaultListableBeanFactory     : Autowiring by type from bean name 'comentarioServiceImpl' via constructor to bean named 'comentarioRepository'
2024-12-06T06:24:40.104-03:00 DEBUG 7152 --- [recetas-backend] [           main] o.s.b.f.s.DefaultListableBeanFactory     : Autowiring by type from bean name 'comentarioController' via constructor to bean named 'comentarioServiceImpl'
2024-12-06T06:24:40.105-03:00 DEBUG 7152 --- [recetas-backend] [           main] o.s.b.f.s.DefaultListableBeanFactory     : Autowiring by type from bean name 'comentarioController' via constructor to bean named 'jwtUtil'
2024-12-06T06:24:40.105-03:00 DEBUG 7152 --- [recetas-backend] [           main] o.s.b.f.s.DefaultListableBeanFactory     : Creating shared instance of singleton bean 'recetaController'
2024-12-06T06:24:40.106-03:00 DEBUG 7152 --- [recetas-backend] [           main] o.s.b.f.s.DefaultListableBeanFactory     : Creating shared instance of singleton bean 'recetaServiceImpl'
2024-12-06T06:24:40.106-03:00 DEBUG 7152 --- [recetas-backend] [           main] o.s.b.f.s.DefaultListableBeanFactory     : Creating shared instance of singleton bean 'recetaRepository'
2024-12-06T06:24:40.107-03:00 DEBUG 7152 --- [recetas-backend] [           main] o.s.b.f.s.DefaultListableBeanFactory     : Creating shared instance of singleton bean 'jpa.named-queries#3'
2024-12-06T06:24:40.108-03:00 DEBUG 7152 --- [recetas-backend] [           main] o.s.b.f.s.DefaultListableBeanFactory     : Creating shared instance of singleton bean 'jpa.RecetaRepository.fragments#0'
2024-12-06T06:24:40.108-03:00 DEBUG 7152 --- [recetas-backend] [           main] tor$SharedEntityManagerInvocationHandler : Creating new EntityManager for shared EntityManager invocation
2024-12-06T06:24:40.112-03:00 DEBUG 7152 --- [recetas-backend] [           main] o.s.d.r.c.s.RepositoryFactorySupport     : Initializing repository instance for cl.duoc.app.recetas_backend.repository.RecetaRepository…
2024-12-06T06:24:40.113-03:00 DEBUG 7152 --- [recetas-backend] [           main] tor$SharedEntityManagerInvocationHandler : Creating new EntityManager for shared EntityManager invocation
2024-12-06T06:24:40.116-03:00 DEBUG 7152 --- [recetas-backend] [           main] o.s.d.jpa.repository.query.NamedQuery    : Looking up named query Receta.findAllByOrderByFechaCreacionDesc
2024-12-06T06:24:40.117-03:00 DEBUG 7152 --- [recetas-backend] [           main] o.s.d.jpa.repository.query.NamedQuery    : Did not find named query Receta.findAllByOrderByFechaCreacionDesc
2024-12-06T06:24:40.117-03:00 DEBUG 7152 --- [recetas-backend] [           main] tor$SharedEntityManagerInvocationHandler : Creating new EntityManager for shared EntityManager invocation
2024-12-06T06:24:40.119-03:00 DEBUG 7152 --- [recetas-backend] [           main] o.s.d.jpa.repository.query.NamedQuery    : Looking up named query Receta.findAllByOrderByPopularidadDesc
2024-12-06T06:24:40.119-03:00 DEBUG 7152 --- [recetas-backend] [           main] o.s.d.jpa.repository.query.NamedQuery    : Did not find named query Receta.findAllByOrderByPopularidadDesc
2024-12-06T06:24:40.119-03:00 DEBUG 7152 --- [recetas-backend] [           main] tor$SharedEntityManagerInvocationHandler : Creating new EntityManager for shared EntityManager invocation
2024-12-06T06:24:40.168-03:00 DEBUG 7152 --- [recetas-backend] [           main] o.s.d.jpa.repository.query.NamedQuery    : Did not find named query Receta.buscarRecetas.count
2024-12-06T06:24:40.168-03:00 DEBUG 7152 --- [recetas-backend] [           main] tor$SharedEntityManagerInvocationHandler : Creating new EntityManager for shared EntityManager invocation
2024-12-06T06:24:40.265-03:00 DEBUG 7152 --- [recetas-backend] [           main] o.s.d.jpa.repository.query.NamedQuery    : Looking up named query Receta.findByNombre
2024-12-06T06:24:40.265-03:00 DEBUG 7152 --- [recetas-backend] [           main] o.s.d.jpa.repository.query.NamedQuery    : Did not find named query Receta.findByNombre
2024-12-06T06:24:40.265-03:00 DEBUG 7152 --- [recetas-backend] [           main] tor$SharedEntityManagerInvocationHandler : Creating new EntityManager for shared EntityManager invocation
2024-12-06T06:24:40.266-03:00 DEBUG 7152 --- [recetas-backend] [           main] o.s.d.jpa.repository.query.NamedQuery    : Looking up named query Receta.findByPaisOrigen
2024-12-06T06:24:40.267-03:00 DEBUG 7152 --- [recetas-backend] [           main] o.s.d.jpa.repository.query.NamedQuery    : Did not find named query Receta.findByPaisOrigen
2024-12-06T06:24:40.267-03:00 DEBUG 7152 --- [recetas-backend] [           main] tor$SharedEntityManagerInvocationHandler : Creating new EntityManager for shared EntityManager invocation
2024-12-06T06:24:40.270-03:00 DEBUG 7152 --- [recetas-backend] [           main] o.s.d.r.c.s.RepositoryFactorySupport     : Finished creation of repository instance for cl.duoc.app.recetas_backend.repository.RecetaRepository.
2024-12-06T06:24:40.270-03:00 DEBUG 7152 --- [recetas-backend] [           main] o.s.b.f.s.DefaultListableBeanFactory     : Autowiring by type from bean name 'recetaServiceImpl' via constructor to bean named 'recetaRepository'
2024-12-06T06:24:40.271-03:00 DEBUG 7152 --- [recetas-backend] [           main] o.s.b.f.s.DefaultListableBeanFactory     : Autowiring by type from bean name 'recetaController' via constructor to bean named 'recetaServiceImpl'
2024-12-06T06:24:40.271-03:00 DEBUG 7152 --- [recetas-backend] [           main] o.s.b.f.s.DefaultListableBeanFactory     : Autowiring by type from bean name 'recetaController' via constructor to bean named 'jwtUtil'
2024-12-06T06:24:40.271-03:00 DEBUG 7152 --- [recetas-backend] [           main] o.s.b.f.s.DefaultListableBeanFactory     : Creating shared instance of singleton bean 'usuarioController'
2024-12-06T06:24:40.272-03:00 DEBUG 7152 --- [recetas-backend] [           main] o.s.b.f.s.DefaultListableBeanFactory     : Creating shared instance of singleton bean 'usuarioServiceImpl'
2024-12-06T06:24:40.272-03:00 DEBUG 7152 --- [recetas-backend] [           main] o.s.b.f.s.DefaultListableBeanFactory     : Autowiring by type from bean name 'usuarioServiceImpl' via constructor to bean named 'usuarioRepository'
2024-12-06T06:24:40.273-03:00 DEBUG 7152 --- [recetas-backend] [           main] o.s.b.f.s.DefaultListableBeanFactory     : Creating shared instance of singleton bean 'passwordEncoder'
2024-12-06T06:24:40.276-03:00 DEBUG 7152 --- [recetas-backend] [           main] o.s.b.f.s.DefaultListableBeanFactory     : Autowiring by type from bean name 'usuarioController' via constructor to bean named 'usuarioServiceImpl'
2024-12-06T06:24:40.276-03:00 DEBUG 7152 --- [recetas-backend] [           main] o.s.b.f.s.DefaultListableBeanFactory     : Autowiring by type from bean name 'usuarioController' via constructor to bean named 'jwtUtil'
2024-12-06T06:24:40.276-03:00 DEBUG 7152 --- [recetas-backend] [           main] o.s.b.f.s.DefaultListableBeanFactory     : Autowiring by type from bean name 'usuarioController' via constructor to bean named 'passwordEncoder'
2024-12-06T06:24:40.276-03:00 DEBUG 7152 --- [recetas-backend] [           main] o.s.b.f.s.DefaultListableBeanFactory     : Creating shared instance of singleton bean 'valoracionController'
2024-12-06T06:24:40.277-03:00 DEBUG 7152 --- [recetas-backend] [           main] o.s.b.f.s.DefaultListableBeanFactory     : Creating shared instance of singleton bean 'valoracionServiceImpl'
2024-12-06T06:24:40.277-03:00 DEBUG 7152 --- [recetas-backend] [           main] o.s.b.f.s.DefaultListableBeanFactory     : Creating shared instance of singleton bean 'valoracionRepository'
2024-12-06T06:24:40.278-03:00 DEBUG 7152 --- [recetas-backend] [           main] o.s.b.f.s.DefaultListableBeanFactory     : Creating shared instance of singleton bean 'jpa.named-queries#2'
2024-12-06T06:24:40.278-03:00 DEBUG 7152 --- [recetas-backend] [           main] o.s.b.f.s.DefaultListableBeanFactory     : Creating shared instance of singleton bean 'jpa.ValoracionRepository.fragments#0'
2024-12-06T06:24:40.278-03:00 DEBUG 7152 --- [recetas-backend] [           main] tor$SharedEntityManagerInvocationHandler : Creating new EntityManager for shared EntityManager invocation
2024-12-06T06:24:40.280-03:00 DEBUG 7152 --- [recetas-backend] [           main] o.s.d.r.c.s.RepositoryFactorySupport     : Initializing repository instance for cl.duoc.app.recetas_backend.repository.ValoracionRepository…
2024-12-06T06:24:40.280-03:00 DEBUG 7152 --- [recetas-backend] [           main] tor$SharedEntityManagerInvocationHandler : Creating new EntityManager for shared EntityManager invocation
2024-12-06T06:24:40.281-03:00 DEBUG 7152 --- [recetas-backend] [           main] o.s.d.jpa.repository.query.NamedQuery    : Looking up named query Valoracion.findByIdReceta
2024-12-06T06:24:40.282-03:00 DEBUG 7152 --- [recetas-backend] [           main] o.s.d.jpa.repository.query.NamedQuery    : Did not find named query Valoracion.findByIdReceta
2024-12-06T06:24:40.282-03:00 DEBUG 7152 --- [recetas-backend] [           main] tor$SharedEntityManagerInvocationHandler : Creating new EntityManager for shared EntityManager invocation
2024-12-06T06:24:40.285-03:00 DEBUG 7152 --- [recetas-backend] [           main] o.s.d.r.c.s.RepositoryFactorySupport     : Finished creation of repository instance for cl.duoc.app.recetas_backend.repository.ValoracionRepository.
2024-12-06T06:24:40.285-03:00 DEBUG 7152 --- [recetas-backend] [           main] o.s.b.f.s.DefaultListableBeanFactory     : Autowiring by type from bean name 'valoracionServiceImpl' via constructor to bean named 'valoracionRepository'
2024-12-06T06:24:40.286-03:00 DEBUG 7152 --- [recetas-backend] [           main] o.s.b.f.s.DefaultListableBeanFactory     : Autowiring by type from bean name 'valoracionController' via constructor to bean named 'valoracionServiceImpl'
2024-12-06T06:24:40.286-03:00 DEBUG 7152 --- [recetas-backend] [           main] o.s.b.f.s.DefaultListableBeanFactory     : Autowiring by type from bean name 'valoracionController' via constructor to bean named 'jwtUtil'
2024-12-06T06:24:40.286-03:00 DEBUG 7152 --- [recetas-backend] [           main] o.s.b.f.s.DefaultListableBeanFactory     : Creating shared instance of singleton bean 'org.springframework.security.config.annotation.configuration.ObjectPostProcessorConfiguration'
2024-12-06T06:24:40.286-03:00 DEBUG 7152 --- [recetas-backend] [           main] o.s.b.f.s.DefaultListableBeanFactory     : Creating shared instance of singleton bean 'objectPostProcessor'
2024-12-06T06:24:40.286-03:00 DEBUG 7152 --- [recetas-backend] [           main] o.s.b.f.s.DefaultListableBeanFactory     : Autowiring by type from bean name 'objectPostProcessor' via factory method to bean named 'org.springframework.beans.factory.support.DefaultListableBeanFactory@34ea86ff'
2024-12-06T06:24:40.288-03:00 DEBUG 7152 --- [recetas-backend] [           main] o.s.b.f.s.DefaultListableBeanFactory     : Creating shared instance of singleton bean 'org.springframework.security.config.annotation.authentication.configuration.AuthenticationConfiguration'
2024-12-06T06:24:40.289-03:00 DEBUG 7152 --- [recetas-backend] [           main] o.s.b.f.s.DefaultListableBeanFactory     : Creating shared instance of singleton bean 'enableGlobalAuthenticationAutowiredConfigurer'
2024-12-06T06:24:40.289-03:00 DEBUG 7152 --- [recetas-backend] [           main] o.s.b.f.s.DefaultListableBeanFactory     : Autowiring by type from bean name 'enableGlobalAuthenticationAutowiredConfigurer' via factory method to bean named 'org.springframework.web.context.support.GenericWebApplicationContext@20556566'
2024-12-06T06:24:40.290-03:00 DEBUG 7152 --- [recetas-backend] [           main] o.s.b.f.s.DefaultListableBeanFactory     : Creating shared instance of singleton bean 'initializeUserDetailsBeanManagerConfigurer'
2024-12-06T06:24:40.290-03:00 DEBUG 7152 --- [recetas-backend] [           main] o.s.b.f.s.DefaultListableBeanFactory     : Autowiring by type from bean name 'initializeUserDetailsBeanManagerConfigurer' via factory method to bean named 'org.springframework.web.context.support.GenericWebApplicationContext@20556566'
2024-12-06T06:24:40.291-03:00 DEBUG 7152 --- [recetas-backend] [           main] o.s.b.f.s.DefaultListableBeanFactory     : Creating shared instance of singleton bean 'initializeAuthenticationProviderBeanManagerConfigurer'
2024-12-06T06:24:40.291-03:00 DEBUG 7152 --- [recetas-backend] [           main] o.s.b.f.s.DefaultListableBeanFactory     : Autowiring by type from bean name 'initializeAuthenticationProviderBeanManagerConfigurer' via factory method to bean named 'org.springframework.web.context.support.GenericWebApplicationContext@20556566'
2024-12-06T06:24:40.292-03:00 DEBUG 7152 --- [recetas-backend] [           main] o.s.b.f.s.DefaultListableBeanFactory     : Creating shared instance of singleton bean 'authenticationManagerBuilder'
2024-12-06T06:24:40.293-03:00 DEBUG 7152 --- [recetas-backend] [           main] o.s.b.f.s.DefaultListableBeanFactory     : Autowiring by type from bean name 'authenticationManagerBuilder' via factory method to bean named 'objectPostProcessor'
2024-12-06T06:24:40.293-03:00 DEBUG 7152 --- [recetas-backend] [           main] o.s.b.f.s.DefaultListableBeanFactory     : Autowiring by type from bean name 'authenticationManagerBuilder' via factory method to bean named 'org.springframework.web.context.support.GenericWebApplicationContext@20556566'
2024-12-06T06:24:40.294-03:00 DEBUG 7152 --- [recetas-backend] [           main] o.s.b.f.s.DefaultListableBeanFactory     : Creating shared instance of singleton bean 'authenticationEventPublisher'
2024-12-06T06:24:40.294-03:00 DEBUG 7152 --- [recetas-backend] [           main] o.s.b.f.s.DefaultListableBeanFactory     : Creating shared instance of singleton bean 'org.springframework.boot.autoconfigure.security.servlet.SecurityAutoConfiguration'
2024-12-06T06:24:40.294-03:00 DEBUG 7152 --- [recetas-backend] [           main] o.s.b.f.s.DefaultListableBeanFactory     : Autowiring by type from bean name 'authenticationEventPublisher' via factory method to bean named 'org.springframework.web.context.support.GenericWebApplicationContext@20556566'
2024-12-06T06:24:40.307-03:00 DEBUG 7152 --- [recetas-backend] [           main] o.s.b.f.s.DefaultListableBeanFactory     : Creating shared instance of singleton bean 'org.springframework.security.config.annotation.web.configuration.WebSecurityConfiguration'
2024-12-06T06:24:40.308-03:00 DEBUG 7152 --- [recetas-backend] [           main] o.s.b.f.s.DefaultListableBeanFactory     : Creating shared instance of singleton bean 'org.springframework.security.config.annotation.web.configuration.HttpSecurityConfiguration'
2024-12-06T06:24:40.312-03:00 DEBUG 7152 --- [recetas-backend] [           main] o.s.b.f.s.DefaultListableBeanFactory     : Creating shared instance of singleton bean 'mvcContentNegotiationManager'
2024-12-06T06:24:40.312-03:00 DEBUG 7152 --- [recetas-backend] [           main] o.s.b.f.s.DefaultListableBeanFactory     : Creating shared instance of singleton bean 'org.springframework.boot.autoconfigure.web.servlet.WebMvcAutoConfiguration$EnableWebMvcConfiguration'
2024-12-06T06:24:40.312-03:00 DEBUG 7152 --- [recetas-backend] [           main] o.s.b.f.s.DefaultListableBeanFactory     : Creating shared instance of singleton bean 'spring.mvc-org.springframework.boot.autoconfigure.web.servlet.WebMvcProperties'
2024-12-06T06:24:40.316-03:00 DEBUG 7152 --- [recetas-backend] [           main] o.s.b.f.s.DefaultListableBeanFactory     : Creating shared instance of singleton bean 'spring.web-org.springframework.boot.autoconfigure.web.WebProperties'
2024-12-06T06:24:40.319-03:00 DEBUG 7152 --- [recetas-backend] [           main] o.s.b.f.s.DefaultListableBeanFactory     : Autowiring by type from bean name 'org.springframework.boot.autoconfigure.web.servlet.WebMvcAutoConfiguration$EnableWebMvcConfiguration' via constructor to bean named 'spring.mvc-org.springframework.boot.autoconfigure.web.servlet.WebMvcProperties'
2024-12-06T06:24:40.319-03:00 DEBUG 7152 --- [recetas-backend] [           main] o.s.b.f.s.DefaultListableBeanFactory     : Autowiring by type from bean name 'org.springframework.boot.autoconfigure.web.servlet.WebMvcAutoConfiguration$EnableWebMvcConfiguration' via constructor to bean named 'spring.web-org.springframework.boot.autoconfigure.web.WebProperties'
2024-12-06T06:24:40.319-03:00 DEBUG 7152 --- [recetas-backend] [           main] o.s.b.f.s.DefaultListableBeanFactory     : Autowiring by type from bean name 'org.springframework.boot.autoconfigure.web.servlet.WebMvcAutoConfiguration$EnableWebMvcConfiguration' via constructor to bean named 'org.springframework.beans.factory.support.DefaultListableBeanFactory@34ea86ff'
2024-12-06T06:24:40.320-03:00 DEBUG 7152 --- [recetas-backend] [           main] o.s.b.f.s.DefaultListableBeanFactory     : Creating shared instance of singleton bean 'org.springframework.security.config.annotation.web.configuration.WebMvcSecurityConfiguration'
2024-12-06T06:24:40.320-03:00 DEBUG 7152 --- [recetas-backend] [           main] o.s.b.f.s.DefaultListableBeanFactory     : Creating shared instance of singleton bean 'org.springframework.boot.autoconfigure.web.servlet.WebMvcAutoConfiguration$WebMvcAutoConfigurationAdapter'
2024-12-06T06:24:40.320-03:00 DEBUG 7152 --- [recetas-backend] [           main] o.s.b.f.s.DefaultListableBeanFactory     : Autowiring by type from bean name 'org.springframework.boot.autoconfigure.web.servlet.WebMvcAutoConfiguration$WebMvcAutoConfigurationAdapter' via constructor to bean named 'spring.web-org.springframework.boot.autoconfigure.web.WebProperties'
2024-12-06T06:24:40.320-03:00 DEBUG 7152 --- [recetas-backend] [           main] o.s.b.f.s.DefaultListableBeanFactory     : Autowiring by type from bean name 'org.springframework.boot.autoconfigure.web.servlet.WebMvcAutoConfiguration$WebMvcAutoConfigurationAdapter' via constructor to bean named 'spring.mvc-org.springframework.boot.autoconfigure.web.servlet.WebMvcProperties'
2024-12-06T06:24:40.320-03:00 DEBUG 7152 --- [recetas-backend] [           main] o.s.b.f.s.DefaultListableBeanFactory     : Autowiring by type from bean name 'org.springframework.boot.autoconfigure.web.servlet.WebMvcAutoConfiguration$WebMvcAutoConfigurationAdapter' via constructor to bean named 'org.springframework.beans.factory.support.DefaultListableBeanFactory@34ea86ff'
2024-12-06T06:24:40.321-03:00 DEBUG 7152 --- [recetas-backend] [           main] o.s.b.f.s.DefaultListableBeanFactory     : Creating shared instance of singleton bean 'openEntityManagerInViewInterceptorConfigurer'
2024-12-06T06:24:40.321-03:00 DEBUG 7152 --- [recetas-backend] [           main] o.s.b.f.s.DefaultListableBeanFactory     : Creating shared instance of singleton bean 'org.springframework.boot.autoconfigure.orm.jpa.JpaBaseConfiguration$JpaWebConfiguration'
2024-12-06T06:24:40.321-03:00 DEBUG 7152 --- [recetas-backend] [           main] o.s.b.f.s.DefaultListableBeanFactory     : Autowiring by type from bean name 'org.springframework.boot.autoconfigure.orm.jpa.JpaBaseConfiguration$JpaWebConfiguration' via constructor to bean named 'spring.jpa-org.springframework.boot.autoconfigure.orm.jpa.JpaProperties'
2024-12-06T06:24:40.322-03:00 DEBUG 7152 --- [recetas-backend] [           main] o.s.b.f.s.DefaultListableBeanFactory     : Creating shared instance of singleton bean 'openEntityManagerInViewInterceptor'
2024-12-06T06:24:40.322-03:00  WARN 7152 --- [recetas-backend] [           main] JpaBaseConfiguration$JpaWebConfiguration : spring.jpa.open-in-view is enabled by default. Therefore, database queries may be performed during view rendering. Explicitly configure spring.jpa.open-in-view to disable this warning
2024-12-06T06:24:40.325-03:00 DEBUG 7152 --- [recetas-backend] [           main] o.s.b.f.s.DefaultListableBeanFactory     : Autowiring by type from bean name 'openEntityManagerInViewInterceptorConfigurer' via factory method to bean named 'openEntityManagerInViewInterceptor'
2024-12-06T06:24:40.326-03:00 DEBUG 7152 --- [recetas-backend] [           main] o.s.b.f.s.DefaultListableBeanFactory     : Creating shared instance of singleton bean 'org.springframework.data.web.config.SpringDataWebConfiguration'
2024-12-06T06:24:40.326-03:00 DEBUG 7152 --- [recetas-backend] [           main] o.s.b.f.s.DefaultListableBeanFactory     : Autowiring by type from bean name 'org.springframework.data.web.config.SpringDataWebConfiguration' via constructor to bean named 'org.springframework.web.context.support.GenericWebApplicationContext@20556566'
2024-12-06T06:24:40.342-03:00  INFO 7152 --- [recetas-backend] [           main] r$InitializeUserDetailsManagerConfigurer : Global AuthenticationManager configured with UserDetailsService bean with name customUserDetailsService
2024-12-06T06:24:40.402-03:00 DEBUG 7152 --- [recetas-backend] [           main] o.s.b.f.s.DefaultListableBeanFactory     : Creating shared instance of singleton bean 'mvcHandlerMappingIntrospectorRequestTransformer'
2024-12-06T06:24:40.402-03:00 DEBUG 7152 --- [recetas-backend] [           main] o.s.b.f.s.DefaultListableBeanFactory     : Creating shared instance of singleton bean 'mvcHandlerMappingIntrospector'
2024-12-06T06:24:40.406-03:00 DEBUG 7152 --- [recetas-backend] [           main] o.s.b.f.s.DefaultListableBeanFactory     : Creating shared instance of singleton bean 'welcomePageHandlerMapping'
2024-12-06T06:24:40.406-03:00 DEBUG 7152 --- [recetas-backend] [           main] o.s.b.f.s.DefaultListableBeanFactory     : Creating shared instance of singleton bean 'mvcConversionService'
2024-12-06T06:24:40.413-03:00 DEBUG 7152 --- [recetas-backend] [           main] o.s.b.f.s.DefaultListableBeanFactory     : Creating shared instance of singleton bean 'mvcResourceUrlProvider'
2024-12-06T06:24:40.415-03:00 DEBUG 7152 --- [recetas-backend] [           main] o.s.b.f.s.DefaultListableBeanFactory     : Autowiring by type from bean name 'welcomePageHandlerMapping' via factory method to bean named 'org.springframework.web.context.support.GenericWebApplicationContext@20556566'
2024-12-06T06:24:40.415-03:00 DEBUG 7152 --- [recetas-backend] [           main] o.s.b.f.s.DefaultListableBeanFactory     : Autowiring by type from bean name 'welcomePageHandlerMapping' via factory method to bean named 'mvcConversionService'
2024-12-06T06:24:40.415-03:00 DEBUG 7152 --- [recetas-backend] [           main] o.s.b.f.s.DefaultListableBeanFactory     : Autowiring by type from bean name 'welcomePageHandlerMapping' via factory method to bean named 'mvcResourceUrlProvider'
2024-12-06T06:24:40.427-03:00 DEBUG 7152 --- [recetas-backend] [           main] o.s.b.f.s.DefaultListableBeanFactory     : Creating shared instance of singleton bean 'welcomePageNotAcceptableHandlerMapping'
2024-12-06T06:24:40.427-03:00 DEBUG 7152 --- [recetas-backend] [           main] o.s.b.f.s.DefaultListableBeanFactory     : Autowiring by type from bean name 'welcomePageNotAcceptableHandlerMapping' via factory method to bean named 'org.springframework.web.context.support.GenericWebApplicationContext@20556566'
2024-12-06T06:24:40.427-03:00 DEBUG 7152 --- [recetas-backend] [           main] o.s.b.f.s.DefaultListableBeanFactory     : Autowiring by type from bean name 'welcomePageNotAcceptableHandlerMapping' via factory method to bean named 'mvcConversionService'
2024-12-06T06:24:40.427-03:00 DEBUG 7152 --- [recetas-backend] [           main] o.s.b.f.s.DefaultListableBeanFactory     : Autowiring by type from bean name 'welcomePageNotAcceptableHandlerMapping' via factory method to bean named 'mvcResourceUrlProvider'
[...]
      Matched:
         - @ConditionalOnClass found required class 'org.springframework.security.authentication.ReactiveAuthenticationManager' (OnClassCondition)
         - AnyNestedCondition 1 matched 2 did not; NestedCondition on ReactiveUserDetailsServiceAutoConfiguration.MissingAlternativeOrUserPropertiesConfigured.PasswordConfigured @ConditionalOnProperty (spring.security.user.password) did not find property 'password'; NestedCondition on ReactiveUserDetailsServiceAutoConfiguration.MissingAlternativeOrUserPropertiesConfigured.NameConfigured @ConditionalOnProperty (spring.security.user.name) did not find property 'name'; NestedCondition on ReactiveUserDetailsServiceAutoConfiguration.MissingAlternativeOrUserPropertiesConfigured.MissingAlternative @ConditionalOnMissingClass did not find unwanted classes 'org.springframework.security.oauth2.client.registration.ClientRegistrationRepository', 'org.springframework.security.oauth2.server.resource.introspection.ReactiveOpaqueTokenIntrospector' (ReactiveUserDetailsServiceAutoConfiguration.MissingAlternativeOrUserPropertiesConfigured)

   ReactiveWebServerFactoryAutoConfiguration:
      Did not match:
         - @ConditionalOnWebApplication did not find reactive web application classes (OnWebApplicationCondition)

   ReactorAutoConfiguration:
      Did not match:
         - @ConditionalOnClass did not find required class 'reactor.core.publisher.Hooks' (OnClassCondition)

   RedisAutoConfiguration:
      Did not match:
         - @ConditionalOnClass did not find required class 'org.springframework.data.redis.core.RedisOperations' (OnClassCondition)

   RedisCacheConfiguration:
      Did not match:
         - @ConditionalOnClass did not find required class 'org.springframework.data.redis.connection.RedisConnectionFactory' (OnClassCondition)

   RedisReactiveAutoConfiguration:
      Did not match:
         - @ConditionalOnClass did not find required class 'reactor.core.publisher.Flux' (OnClassCondition)

   RedisRepositoriesAutoConfiguration:
      Did not match:
         - @ConditionalOnClass did not find required class 'org.springframework.data.redis.repository.configuration.EnableRedisRepositories' (OnClassCondition)

   RepositoryRestMvcAutoConfiguration:
      Did not match:
         - @ConditionalOnClass did not find required class 'org.springframework.data.rest.webmvc.config.RepositoryRestMvcConfiguration' (OnClassCondition)

   Saml2RelyingPartyAutoConfiguration:
      Did not match:
         - @ConditionalOnClass did not find required class 'org.springframework.security.saml2.provider.service.registration.RelyingPartyRegistrationRepository' (OnClassCondition)

   SecurityDataConfiguration:
      Did not match:
         - @ConditionalOnClass did not find required class 'org.springframework.security.data.repository.query.SecurityEvaluationContextExtension' (OnClassCondition)

   SendGridAutoConfiguration:
      Did not match:
         - @ConditionalOnClass did not find required class 'com.sendgrid.SendGrid' (OnClassCondition)

   ServletWebServerFactoryAutoConfiguration.ForwardedHeaderFilterConfiguration:
      Did not match:
         - @ConditionalOnProperty (server.forward-headers-strategy=framework) did not find property 'server.forward-headers-strategy' (OnPropertyCondition)

   ServletWebServerFactoryConfiguration.EmbeddedJetty:
      Did not match:
         - @ConditionalOnClass did not find required classes 'org.eclipse.jetty.server.Server', 'org.eclipse.jetty.util.Loader', 'org.eclipse.jetty.ee10.webapp.WebAppContext' (OnClassCondition)

   ServletWebServerFactoryConfiguration.EmbeddedUndertow:
      Did not match:
         - @ConditionalOnClass did not find required classes 'io.undertow.Undertow', 'org.xnio.SslClientAuthMode' (OnClassCondition)

   SessionAutoConfiguration:
      Did not match:
         - @ConditionalOnClass did not find required class 'org.springframework.session.Session' (OnClassCondition)

   SpringApplicationAdminJmxAutoConfiguration:
      Did not match:
         - @ConditionalOnProperty (spring.application.admin.enabled=true) did not find property 'enabled' (OnPropertyCondition)

   SpringBootWebSecurityConfiguration.SecurityFilterChainConfiguration:
      Did not match:
         - AllNestedConditions 1 matched 1 did not; NestedCondition on DefaultWebSecurityCondition.Beans @ConditionalOnMissingBean (types: org.springframework.security.web.SecurityFilterChain; SearchStrategy: all) found beans of type 'org.springframework.security.web.SecurityFilterChain' securityFilterChain; NestedCondition on DefaultWebSecurityCondition.Classes @ConditionalOnClass found required classes 'org.springframework.security.web.SecurityFilterChain', 'org.springframework.security.config.annotation.web.builders.HttpSecurity' (DefaultWebSecurityCondition)

   SpringBootWebSecurityConfiguration.WebSecurityEnablerConfiguration:
      Did not match:
         - @ConditionalOnMissingBean (names: springSecurityFilterChain; SearchStrategy: all) found beans named springSecurityFilterChain (OnBeanCondition)
      Matched:
         - @ConditionalOnClass found required class 'org.springframework.security.config.annotation.web.configuration.EnableWebSecurity' (OnClassCondition)

   TaskExecutorConfigurations.SimpleAsyncTaskExecutorBuilderConfiguration#simpleAsyncTaskExecutorBuilderVirtualThreads:
      Did not match:
         - @ConditionalOnMissingBean (types: org.springframework.boot.task.SimpleAsyncTaskExecutorBuilder; SearchStrategy: all) found beans of type 'org.springframework.boot.task.SimpleAsyncTaskExecutorBuilder' simpleAsyncTaskExecutorBuilder (OnBeanCondition)

   TaskExecutorConfigurations.TaskExecutorConfiguration#applicationTaskExecutorVirtualThreads:
      Did not match:
         - @ConditionalOnThreading did not find VIRTUAL (OnThreadingCondition)

   TaskSchedulingAutoConfiguration#scheduledBeanLazyInitializationExcludeFilter:
      Did not match:
         - @ConditionalOnBean (names: org.springframework.context.annotation.internalScheduledAnnotationProcessor; SearchStrategy: all) did not find any beans named org.springframework.context.annotation.internalScheduledAnnotationProcessor (OnBeanCondition)

   TaskSchedulingConfigurations.SimpleAsyncTaskSchedulerBuilderConfiguration#simpleAsyncTaskSchedulerBuilderVirtualThreads:
      Did not match:
         - @ConditionalOnMissingBean (types: org.springframework.boot.task.SimpleAsyncTaskSchedulerBuilder; SearchStrategy: all) found beans of type 'org.springframework.boot.task.SimpleAsyncTaskSchedulerBuilder' simpleAsyncTaskSchedulerBuilder (OnBeanCondition)

   TaskSchedulingConfigurations.TaskSchedulerConfiguration:
      Did not match:
         - @ConditionalOnBean (names: org.springframework.context.annotation.internalScheduledAnnotationProcessor; SearchStrategy: all) did not find any beans named org.springframework.context.annotation.internalScheduledAnnotationProcessor (OnBeanCondition)

   ThymeleafAutoConfiguration:
      Did not match:
         - @ConditionalOnClass did not find required class 'org.thymeleaf.spring6.SpringTemplateEngine' (OnClassCondition)

   TransactionAutoConfiguration#transactionalOperator:
      Did not match:
         - @ConditionalOnSingleCandidate (types: org.springframework.transaction.ReactiveTransactionManager; SearchStrategy: all) did not find any beans (OnBeanCondition)

   TransactionAutoConfiguration.AspectJTransactionManagementConfiguration:
      Did not match:
         - @ConditionalOnBean (types: org.springframework.transaction.aspectj.AbstractTransactionAspect; SearchStrategy: all) did not find any beans of type org.springframework.transaction.aspectj.AbstractTransactionAspect (OnBeanCondition)

   TransactionAutoConfiguration.EnableTransactionManagementConfiguration.JdkDynamicAutoProxyConfiguration:
      Did not match:
         - @ConditionalOnProperty (spring.aop.proxy-target-class=false) did not find property 'proxy-target-class' (OnPropertyCondition)

   UserDetailsServiceAutoConfiguration:
      Did not match:
         - @ConditionalOnMissingBean (types: org.springframework.security.authentication.AuthenticationManager,org.springframework.security.authentication.AuthenticationProvider,org.springframework.security.core.userdetails.UserDetailsService,org.springframework.security.authentication.AuthenticationManagerResolver,org.springframework.security.oauth2.jwt.JwtDecoder; SearchStrategy: all) found beans of type 'org.springframework.security.authentication.AuthenticationManager' authenticationManager and found beans of type 'org.springframework.security.core.userdetails.UserDetailsService' customUserDetailsService (OnBeanCondition)
      Matched:
         - @ConditionalOnClass found required class 'org.springframework.security.authentication.AuthenticationManager' (OnClassCondition)
         - AnyNestedCondition 1 matched 2 did not; NestedCondition on UserDetailsServiceAutoConfiguration.MissingAlternativeOrUserPropertiesConfigured.PasswordConfigured @ConditionalOnProperty (spring.security.user.password) did not find property 'password'; NestedCondition on UserDetailsServiceAutoConfiguration.MissingAlternativeOrUserPropertiesConfigured.NameConfigured @ConditionalOnProperty (spring.security.user.name) did not find property 'name'; NestedCondition on UserDetailsServiceAutoConfiguration.MissingAlternativeOrUserPropertiesConfigured.MissingAlternative @ConditionalOnMissingClass did not find unwanted classes 'org.springframework.security.oauth2.client.registration.ClientRegistrationRepository', 'org.springframework.security.oauth2.server.resource.introspection.OpaqueTokenIntrospector', 'org.springframework.security.saml2.provider.service.registration.RelyingPartyRegistrationRepository' (UserDetailsServiceAutoConfiguration.MissingAlternativeOrUserPropertiesConfigured)

   ValidationAutoConfiguration:
      Did not match:
         - @ConditionalOnClass did not find required class 'jakarta.validation.executable.ExecutableValidator' (OnClassCondition)

   WebClientAutoConfiguration:
      Did not match:
         - @ConditionalOnClass did not find required class 'org.springframework.web.reactive.function.client.WebClient' (OnClassCondition)

   WebFluxAutoConfiguration:
      Did not match:
         - @ConditionalOnClass did not find required class 'org.springframework.web.reactive.config.WebFluxConfigurer' (OnClassCondition)

   WebMvcAutoConfiguration#hiddenHttpMethodFilter:
      Did not match:
         - @ConditionalOnProperty (spring.mvc.hiddenmethod.filter.enabled) did not find property 'enabled' (OnPropertyCondition)

   WebMvcAutoConfiguration.ProblemDetailsErrorHandlingConfiguration:
      Did not match:
         - @ConditionalOnProperty (spring.mvc.problemdetails.enabled=true) did not find property 'enabled' (OnPropertyCondition)

   WebMvcAutoConfiguration.ResourceChainCustomizerConfiguration:
      Did not match:
         - @ConditionalOnEnabledResourceChain did not find class org.webjars.WebJarAssetLocator (OnEnabledResourceChainCondition)

   WebMvcAutoConfiguration.WebMvcAutoConfigurationAdapter#beanNameViewResolver:
      Did not match:
         - @ConditionalOnMissingBean (types: org.springframework.web.servlet.view.BeanNameViewResolver; SearchStrategy: all) found beans of type 'org.springframework.web.servlet.view.BeanNameViewResolver' beanNameViewResolver (OnBeanCondition)

   WebServiceTemplateAutoConfiguration:
      Did not match:
         - @ConditionalOnClass did not find required class 'org.springframework.oxm.Marshaller' (OnClassCondition)

   WebServicesAutoConfiguration:
      Did not match:
         - @ConditionalOnClass did not find required class 'org.springframework.ws.transport.http.MessageDispatcherServlet' (OnClassCondition)

   WebSessionIdResolverAutoConfiguration:
      Did not match:
         - @ConditionalOnClass did not find required class 'reactor.core.publisher.Mono' (OnClassCondition)

   WebSocketMessagingAutoConfiguration:
      Did not match:
         - @ConditionalOnClass did not find required class 'org.springframework.web.socket.config.annotation.WebSocketMessageBrokerConfigurer' (OnClassCondition)

   WebSocketReactiveAutoConfiguration:
      Did not match:
         - @ConditionalOnWebApplication did not find reactive web application classes (OnWebApplicationCondition)

   WebSocketServletAutoConfiguration.JettyWebSocketConfiguration:
      Did not match:
         - @ConditionalOnClass did not find required class 'org.eclipse.jetty.ee10.websocket.jakarta.server.config.JakartaWebSocketServletContainerInitializer' (OnClassCondition)

   WebSocketServletAutoConfiguration.UndertowWebSocketConfiguration:
      Did not match:
         - @ConditionalOnClass did not find required class 'io.undertow.websockets.jsr.Bootstrap' (OnClassCondition)

   XADataSourceAutoConfiguration:
      Did not match:
         - @ConditionalOnBean (types: org.springframework.boot.jdbc.XADataSourceWrapper; SearchStrategy: all) did not find any beans of type org.springframework.boot.jdbc.XADataSourceWrapper (OnBeanCondition)
      Matched:
         - @ConditionalOnClass found required classes 'javax.sql.DataSource', 'jakarta.transaction.TransactionManager', 'org.springframework.jdbc.datasource.embedded.EmbeddedDatabaseType' (OnClassCondition)


Exclusions:
-----------

    None


Unconditional classes:
----------------------

    org.springframework.boot.autoconfigure.context.ConfigurationPropertiesAutoConfiguration

    org.springframework.boot.autoconfigure.ssl.SslAutoConfiguration

    org.springframework.boot.autoconfigure.context.LifecycleAutoConfiguration

    org.springframework.boot.autoconfigure.context.PropertyPlaceholderAutoConfiguration

    org.springframework.boot.autoconfigure.availability.ApplicationAvailabilityAutoConfiguration

    org.springframework.boot.autoconfigure.info.ProjectInfoAutoConfiguration



2024-12-06T06:24:40.928-03:00  INFO 7152 --- [recetas-backend] [           main] c.d.a.r.RecetasBackendApplicationTests   : Started RecetasBackendApplicationTests in 4.757 seconds (process running for 8.237)
2024-12-06T06:24:40.929-03:00 DEBUG 7152 --- [recetas-backend] [           main] o.s.b.a.ApplicationAvailabilityBean      : Application availability state LivenessState changed to CORRECT
2024-12-06T06:24:40.930-03:00 DEBUG 7152 --- [recetas-backend] [           main] o.s.b.a.ApplicationAvailabilityBean      : Application availability state ReadinessState changed to ACCEPTING_TRAFFIC
2024-12-06T06:24:40.931-03:00 DEBUG 7152 --- [recetas-backend] [           main] org.springframework.test.context.cache   : Spring test ApplicationContext cache statistics: [DefaultContextCache@21bf85bf size = 1, maxSize = 32, parentContextCount = 0, hitCount = 0, missCount = 1, failureCount = 0]
2024-12-06T06:24:40.931-03:00 DEBUG 7152 --- [recetas-backend] [           main] o.s.t.c.w.ServletTestExecutionListener   : Setting up MockHttpServletRequest, MockHttpServletResponse, ServletWebRequest, and RequestContextHolder for test class cl.duoc.app.recetas_backend.RecetasBackendApplicationTests
2024-12-06T06:24:40.939-03:00 DEBUG 7152 --- [recetas-backend] [           main] DependencyInjectionTestExecutionListener : Performing dependency injection for test class cl.duoc.app.recetas_backend.RecetasBackendApplicationTests
2024-12-06T06:24:40.940-03:00 DEBUG 7152 --- [recetas-backend] [           main] org.springframework.test.context.cache   : Spring test ApplicationContext cache statistics: [DefaultContextCache@21bf85bf size = 1, maxSize = 32, parentContextCount = 0, hitCount = 1, missCount = 1, failureCount = 0]
2024-12-06T06:24:40.940-03:00 DEBUG 7152 --- [recetas-backend] [           main] org.springframework.test.context.cache   : Spring test ApplicationContext cache statistics: [DefaultContextCache@21bf85bf size = 1, maxSize = 32, parentContextCount = 0, hitCount = 2, missCount = 1, failureCount = 0]
2024-12-06T06:24:40.941-03:00 DEBUG 7152 --- [recetas-backend] [           main] sContextBeforeModesTestExecutionListener : Before test method: class [RecetasBackendApplicationTests], method [contextLoads], class annotated with @DirtiesContext [false] with mode [null], method annotated with @DirtiesContext [false] with mode [null]
2024-12-06T06:24:40.942-03:00 DEBUG 7152 --- [recetas-backend] [           main] org.springframework.test.context.cache   : Spring test ApplicationContext cache statistics: [DefaultContextCache@21bf85bf size = 1, maxSize = 32, parentContextCount = 0, hitCount = 3, missCount = 1, failureCount = 0]
2024-12-06T06:24:40.942-03:00 DEBUG 7152 --- [recetas-backend] [           main] org.springframework.test.context.cache   : Spring test ApplicationContext cache statistics: [DefaultContextCache@21bf85bf size = 1, maxSize = 32, parentContextCount = 0, hitCount = 4, missCount = 1, failureCount = 0]
2024-12-06T06:24:40.944-03:00 DEBUG 7152 --- [recetas-backend] [           main] org.springframework.test.context.cache   : Spring test ApplicationContext cache statistics: [DefaultContextCache@21bf85bf size = 1, maxSize = 32, parentContextCount = 0, hitCount = 5, missCount = 1, failureCount = 0]
2024-12-06T06:24:40.945-03:00 DEBUG 7152 --- [recetas-backend] [           main] org.springframework.test.context.cache   : Spring test ApplicationContext cache statistics: [DefaultContextCache@21bf85bf size = 1, maxSize = 32, parentContextCount = 0, hitCount = 6, missCount = 1, failureCount = 0]
2024-12-06T06:24:40.946-03:00 DEBUG 7152 --- [recetas-backend] [           main] org.springframework.test.context.cache   : Spring test ApplicationContext cache statistics: [DefaultContextCache@21bf85bf size = 1, maxSize = 32, parentContextCount = 0, hitCount = 7, missCount = 1, failureCount = 0]
2024-12-06T06:24:40.946-03:00 DEBUG 7152 --- [recetas-backend] [           main] org.springframework.test.context.cache   : Spring test ApplicationContext cache statistics: [DefaultContextCache@21bf85bf size = 1, maxSize = 32, parentContextCount = 0, hitCount = 8, missCount = 1, failureCount = 0]
2024-12-06T06:24:40.946-03:00 DEBUG 7152 --- [recetas-backend] [           main] org.springframework.test.context.cache   : Spring test ApplicationContext cache statistics: [DefaultContextCache@21bf85bf size = 1, maxSize = 32, parentContextCount = 0, hitCount = 9, missCount = 1, failureCount = 0]
2024-12-06T06:24:40.947-03:00 DEBUG 7152 --- [recetas-backend] [           main] org.springframework.test.context.cache   : Spring test ApplicationContext cache statistics: [DefaultContextCache@21bf85bf size = 1, maxSize = 32, parentContextCount = 0, hitCount = 10, missCount = 1, failureCount = 0]
2024-12-06T06:24:40.947-03:00 DEBUG 7152 --- [recetas-backend] [           main] org.springframework.test.context.cache   : Spring test ApplicationContext cache statistics: [DefaultContextCache@21bf85bf size = 1, maxSize = 32, parentContextCount = 0, hitCount = 11, missCount = 1, failureCount = 0]
2024-12-06T06:24:40.948-03:00 DEBUG 7152 --- [recetas-backend] [           main] org.springframework.test.context.cache   : Spring test ApplicationContext cache statistics: [DefaultContextCache@21bf85bf size = 1, maxSize = 32, parentContextCount = 0, hitCount = 12, missCount = 1, failureCount = 0]
2024-12-06T06:24:40.949-03:00 DEBUG 7152 --- [recetas-backend] [           main] .c.s.DirtiesContextTestExecutionListener : After test method: class [RecetasBackendApplicationTests], method [contextLoads], class annotated with @DirtiesContext [false] with mode [null], method annotated with @DirtiesContext [false] with mode [null]
2024-12-06T06:24:40.949-03:00 DEBUG 7152 --- [recetas-backend] [           main] o.s.t.c.w.ServletTestExecutionListener   : Resetting RequestContextHolder for test class cl.duoc.app.recetas_backend.RecetasBackendApplicationTests
]]></system-out>
  </testcase>
</testsuite>